0 verbose cli /usr/local/bin/node /usr/local/bin/npm
1 info using npm@9.5.0
2 info using node@v18.14.2
3 timing npm:load:whichnode Completed in 2ms
4 timing config:load:defaults Completed in 16ms
5 timing config:load:file:/usr/local/lib/node_modules/npm/npmrc Completed in 1ms
6 timing config:load:builtin Completed in 1ms
7 timing config:load:cli Completed in 5ms
8 timing config:load:env Completed in 0ms
9 timing config:load:project Completed in 2ms
10 timing config:load:file:/home/topos/.npmrc Completed in 0ms
11 timing config:load:user Completed in 0ms
12 timing config:load:file:/usr/local/etc/npmrc Completed in 0ms
13 timing config:load:global Completed in 1ms
14 timing config:load:setEnvs Completed in 2ms
15 timing config:load Completed in 28ms
16 timing npm:load:configload Completed in 29ms
17 timing npm:load:mkdirpcache Completed in 0ms
18 timing npm:load:mkdirplogs Completed in 0ms
19 verbose title npm i webpack webpack-cli
20 verbose argv "i" "--save-dev" "webpack" "webpack-cli"
21 timing npm:load:setTitle Completed in 2ms
22 timing config:load:flatten Completed in 7ms
23 timing npm:load:display Completed in 9ms
24 verbose logfile logs-max:10 dir:/home/topos/.npm/_logs/2023-03-06T15_56_23_734Z-
25 verbose logfile /home/topos/.npm/_logs/2023-03-06T15_56_23_734Z-debug-0.log
26 timing npm:load:logFile Completed in 12ms
27 timing npm:load:timers Completed in 0ms
28 timing npm:load:configScope Completed in 0ms
29 timing npm:load Completed in 57ms
30 timing config:load:flatten Completed in 1ms
31 timing arborist:ctor Completed in 2ms
32 silly logfile done cleaning log files
33 timing arborist:ctor Completed in 0ms
34 timing idealTree:init Completed in 27ms
35 timing idealTree:userRequests Completed in 5ms
36 silly idealTree buildDeps
37 silly fetch manifest webpack@*
38 http fetch GET 200 https://registry.npmjs.org/npm 779ms (cache miss)
39 http fetch GET 200 https://registry.npmjs.org/webpack 704ms (cache miss)
40 silly fetch manifest webpack-cli@*
41 http fetch GET 200 https://registry.npmjs.org/webpack-cli 73ms (cache miss)
42 silly placeDep ROOT webpack@5.75.0 OK for:  want: *
43 silly placeDep ROOT webpack-cli@5.0.1 OK for:  want: *
44 silly fetch manifest @types/eslint-scope@^3.7.3
45 silly fetch manifest @types/estree@^0.0.51
46 silly fetch manifest @webassemblyjs/ast@1.11.1
47 silly fetch manifest @webassemblyjs/wasm-edit@1.11.1
48 silly fetch manifest @webassemblyjs/wasm-parser@1.11.1
49 silly fetch manifest acorn@^8.7.1
50 silly fetch manifest acorn-import-assertions@^1.7.6
51 silly fetch manifest browserslist@^4.14.5
52 silly fetch manifest chrome-trace-event@^1.0.2
53 silly fetch manifest enhanced-resolve@^5.10.0
54 silly fetch manifest es-module-lexer@^0.9.0
55 silly fetch manifest eslint-scope@5.1.1
56 silly fetch manifest events@^3.2.0
57 silly fetch manifest glob-to-regexp@^0.4.1
58 silly fetch manifest graceful-fs@^4.2.9
59 silly fetch manifest json-parse-even-better-errors@^2.3.1
60 silly fetch manifest loader-runner@^4.2.0
61 silly fetch manifest mime-types@^2.1.27
62 silly fetch manifest neo-async@^2.6.2
63 silly fetch manifest schema-utils@^3.1.0
64 silly fetch manifest tapable@^2.1.1
65 silly fetch manifest terser-webpack-plugin@^5.1.3
66 silly fetch manifest watchpack@^2.4.0
67 silly fetch manifest webpack-sources@^3.2.3
68 silly fetch manifest @discoveryjs/json-ext@^0.5.0
69 silly fetch manifest @webpack-cli/configtest@^2.0.1
70 silly fetch manifest @webpack-cli/info@^2.0.1
71 silly fetch manifest @webpack-cli/serve@^2.0.1
72 silly fetch manifest colorette@^2.0.14
73 silly fetch manifest commander@^9.4.1
74 silly fetch manifest cross-spawn@^7.0.3
75 silly fetch manifest envinfo@^7.7.3
76 silly fetch manifest fastest-levenshtein@^1.0.12
77 silly fetch manifest import-local@^3.0.2
78 silly fetch manifest interpret@^3.1.1
79 silly fetch manifest rechoir@^0.8.0
80 silly fetch manifest webpack-merge@^5.7.3
81 http fetch GET 200 https://registry.npmjs.org/@types%2festree 217ms (cache miss)
82 http fetch GET 200 https://registry.npmjs.org/json-parse-even-better-errors 365ms (cache miss)
83 http fetch GET 200 https://registry.npmjs.org/loader-runner 430ms (cache miss)
84 http fetch GET 200 https://registry.npmjs.org/glob-to-regexp 466ms (cache miss)
85 http fetch GET 200 https://registry.npmjs.org/chrome-trace-event 520ms (cache miss)
86 http fetch GET 200 https://registry.npmjs.org/events 559ms (cache miss)
87 http fetch GET 200 https://registry.npmjs.org/acorn-import-assertions 596ms (cache miss)
88 http fetch GET 200 https://registry.npmjs.org/terser-webpack-plugin 579ms (cache miss)
89 http fetch GET 200 https://registry.npmjs.org/eslint-scope 603ms (cache miss)
90 http fetch GET 200 https://registry.npmjs.org/schema-utils 595ms (cache miss)
91 http fetch GET 200 https://registry.npmjs.org/neo-async 604ms (cache miss)
92 http fetch GET 200 https://registry.npmjs.org/mime-types 613ms (cache miss)
93 http fetch GET 200 https://registry.npmjs.org/@discoveryjs%2fjson-ext 601ms (cache miss)
94 http fetch GET 200 https://registry.npmjs.org/cross-spawn 596ms (cache miss)
95 http fetch GET 200 https://registry.npmjs.org/import-local 588ms (cache miss)
96 http fetch GET 200 https://registry.npmjs.org/envinfo 600ms (cache miss)
97 http fetch GET 200 https://registry.npmjs.org/colorette 611ms (cache miss)
98 http fetch GET 200 https://registry.npmjs.org/rechoir 598ms (cache miss)
99 http fetch GET 200 https://registry.npmjs.org/interpret 605ms (cache miss)
100 http fetch GET 200 https://registry.npmjs.org/@webpack-cli%2fconfigtest 631ms (cache miss)
101 http fetch GET 200 https://registry.npmjs.org/fastest-levenshtein 620ms (cache miss)
102 http fetch GET 200 https://registry.npmjs.org/@webpack-cli%2fserve 634ms (cache miss)
103 http fetch GET 200 https://registry.npmjs.org/graceful-fs 663ms (cache miss)
104 http fetch GET 200 https://registry.npmjs.org/commander 641ms (cache miss)
105 http fetch GET 200 https://registry.npmjs.org/es-module-lexer 694ms (cache miss)
106 http fetch GET 200 https://registry.npmjs.org/tapable 686ms (cache miss)
107 http fetch GET 200 https://registry.npmjs.org/webpack-merge 649ms (cache miss)
108 http fetch GET 200 https://registry.npmjs.org/@webpack-cli%2finfo 680ms (cache miss)
109 http fetch GET 200 https://registry.npmjs.org/acorn 719ms (cache miss)
110 http fetch GET 200 https://registry.npmjs.org/webpack-sources 703ms (cache miss)
111 http fetch GET 200 https://registry.npmjs.org/@webassemblyjs%2fwasm-edit 744ms (cache miss)
112 http fetch GET 200 https://registry.npmjs.org/@webassemblyjs%2fast 749ms (cache miss)
113 http fetch GET 200 https://registry.npmjs.org/enhanced-resolve 736ms (cache miss)
114 http fetch GET 200 https://registry.npmjs.org/watchpack 717ms (cache miss)
115 http fetch GET 200 https://registry.npmjs.org/@webassemblyjs%2fwasm-parser 751ms (cache miss)
116 http fetch GET 200 https://registry.npmjs.org/browserslist 750ms (cache miss)
117 http fetch GET 200 https://registry.npmjs.org/@types%2feslint-scope 1532ms (cache miss)
118 timing idealTree:#root Completed in 2406ms
119 silly fetch manifest webpack@^5.1.0
120 silly placeDep ROOT @types/eslint-scope@3.7.4 OK for: webpack@5.75.0 want: ^3.7.3
121 silly placeDep ROOT @types/estree@0.0.51 OK for: webpack@5.75.0 want: ^0.0.51
122 silly placeDep ROOT @webassemblyjs/ast@1.11.1 OK for: webpack@5.75.0 want: 1.11.1
123 silly placeDep ROOT @webassemblyjs/wasm-edit@1.11.1 OK for: webpack@5.75.0 want: 1.11.1
124 silly placeDep ROOT @webassemblyjs/wasm-parser@1.11.1 OK for: webpack@5.75.0 want: 1.11.1
125 silly placeDep ROOT acorn@8.8.2 OK for: webpack@5.75.0 want: ^8.7.1
126 silly placeDep ROOT acorn-import-assertions@1.8.0 OK for: webpack@5.75.0 want: ^1.7.6
127 silly placeDep ROOT browserslist@4.21.5 OK for: webpack@5.75.0 want: ^4.14.5
128 silly placeDep ROOT chrome-trace-event@1.0.3 OK for: webpack@5.75.0 want: ^1.0.2
129 silly placeDep ROOT enhanced-resolve@5.12.0 OK for: webpack@5.75.0 want: ^5.10.0
130 silly placeDep ROOT es-module-lexer@0.9.3 OK for: webpack@5.75.0 want: ^0.9.0
131 silly placeDep ROOT eslint-scope@5.1.1 OK for: webpack@5.75.0 want: 5.1.1
132 silly placeDep ROOT events@3.3.0 OK for: webpack@5.75.0 want: ^3.2.0
133 silly placeDep ROOT glob-to-regexp@0.4.1 OK for: webpack@5.75.0 want: ^0.4.1
134 silly placeDep ROOT graceful-fs@4.2.10 OK for: webpack@5.75.0 want: ^4.2.9
135 silly placeDep ROOT json-parse-even-better-errors@2.3.1 OK for: webpack@5.75.0 want: ^2.3.1
136 silly placeDep ROOT loader-runner@4.3.0 OK for: webpack@5.75.0 want: ^4.2.0
137 silly placeDep ROOT mime-types@2.1.35 OK for: webpack@5.75.0 want: ^2.1.27
138 silly placeDep ROOT neo-async@2.6.2 OK for: webpack@5.75.0 want: ^2.6.2
139 silly placeDep ROOT schema-utils@3.1.1 OK for: webpack@5.75.0 want: ^3.1.0
140 silly placeDep ROOT tapable@2.2.1 OK for: webpack@5.75.0 want: ^2.1.1
141 silly placeDep ROOT terser-webpack-plugin@5.3.6 OK for: webpack@5.75.0 want: ^5.1.3
142 silly placeDep ROOT watchpack@2.4.0 OK for: webpack@5.75.0 want: ^2.4.0
143 silly placeDep ROOT webpack-sources@3.2.3 OK for: webpack@5.75.0 want: ^3.2.3
144 silly fetch manifest @types/eslint@*
145 silly fetch manifest @webassemblyjs/helper-numbers@1.11.1
146 silly fetch manifest @webassemblyjs/helper-wasm-bytecode@1.11.1
147 silly fetch manifest @webassemblyjs/helper-buffer@1.11.1
148 silly fetch manifest @webassemblyjs/helper-wasm-section@1.11.1
149 silly fetch manifest @webassemblyjs/wasm-gen@1.11.1
150 silly fetch manifest @webassemblyjs/wasm-opt@1.11.1
151 silly fetch manifest @webassemblyjs/wast-printer@1.11.1
152 silly fetch manifest @webassemblyjs/helper-api-error@1.11.1
153 silly fetch manifest @webassemblyjs/ieee754@1.11.1
154 silly fetch manifest @webassemblyjs/leb128@1.11.1
155 silly fetch manifest @webassemblyjs/utf8@1.11.1
156 silly fetch manifest caniuse-lite@^1.0.30001449
157 silly fetch manifest electron-to-chromium@^1.4.284
158 silly fetch manifest node-releases@^2.0.8
159 silly fetch manifest update-browserslist-db@^1.0.10
160 silly fetch manifest esrecurse@^4.3.0
161 silly fetch manifest estraverse@^4.1.1
162 silly fetch manifest mime-db@1.52.0
163 silly fetch manifest @types/json-schema@^7.0.8
164 silly fetch manifest ajv@^6.12.5
165 silly fetch manifest ajv-keywords@^3.5.2
166 silly fetch manifest @jridgewell/trace-mapping@^0.3.14
167 silly fetch manifest jest-worker@^27.4.5
168 silly fetch manifest serialize-javascript@^6.0.0
169 silly fetch manifest terser@^5.14.1
170 http fetch GET 200 https://registry.npmjs.org/@webassemblyjs%2fhelper-numbers 167ms (cache miss)
171 http fetch GET 200 https://registry.npmjs.org/@webassemblyjs%2fhelper-wasm-bytecode 237ms (cache miss)
172 http fetch GET 200 https://registry.npmjs.org/@webassemblyjs%2fwast-printer 293ms (cache miss)
173 http fetch GET 200 https://registry.npmjs.org/@webassemblyjs%2futf8 289ms (cache miss)
174 http fetch GET 200 https://registry.npmjs.org/node-releases 284ms (cache miss)
175 http fetch GET 200 https://registry.npmjs.org/@webassemblyjs%2fhelper-buffer 312ms (cache miss)
176 http fetch GET 200 https://registry.npmjs.org/@webassemblyjs%2fhelper-wasm-section 330ms (cache miss)
177 http fetch GET 200 https://registry.npmjs.org/@webassemblyjs%2fieee754 342ms (cache miss)
178 http fetch GET 200 https://registry.npmjs.org/@types%2fjson-schema 325ms (cache miss)
179 http fetch GET 200 https://registry.npmjs.org/esrecurse 349ms (cache miss)
180 http fetch GET 200 https://registry.npmjs.org/estraverse 374ms (cache miss)
181 http fetch GET 200 https://registry.npmjs.org/@webassemblyjs%2fleb128 401ms (cache miss)
182 http fetch GET 200 https://registry.npmjs.org/mime-db 406ms (cache miss)
183 http fetch GET 200 https://registry.npmjs.org/@webassemblyjs%2fwasm-gen 436ms (cache miss)
184 http fetch GET 200 https://registry.npmjs.org/@webassemblyjs%2fhelper-api-error 454ms (cache miss)
185 http fetch GET 200 https://registry.npmjs.org/ajv-keywords 421ms (cache miss)
186 http fetch GET 200 https://registry.npmjs.org/update-browserslist-db 463ms (cache miss)
187 http fetch GET 200 https://registry.npmjs.org/@webassemblyjs%2fwasm-opt 498ms (cache miss)
188 http fetch GET 200 https://registry.npmjs.org/caniuse-lite 567ms (cache miss)
189 http fetch GET 200 https://registry.npmjs.org/jest-worker 567ms (cache miss)
190 http fetch GET 200 https://registry.npmjs.org/@jridgewell%2ftrace-mapping 589ms (cache miss)
191 http fetch GET 200 https://registry.npmjs.org/serialize-javascript 589ms (cache miss)
192 http fetch GET 200 https://registry.npmjs.org/ajv 606ms (cache miss)
193 http fetch GET 200 https://registry.npmjs.org/terser 624ms (cache miss)
194 http fetch GET 200 https://registry.npmjs.org/@types%2feslint 849ms (cache miss)
195 http fetch GET 200 https://registry.npmjs.org/electron-to-chromium 988ms (cache miss)
196 timing idealTree:node_modules/webpack Completed in 1165ms
197 silly placeDep ROOT @types/eslint@8.21.1 OK for: @types/eslint-scope@3.7.4 want: *
198 silly fetch manifest @types/json-schema@*
199 timing idealTree:node_modules/@types/eslint-scope Completed in 5ms
200 silly placeDep ROOT @types/json-schema@7.0.11 OK for: @types/eslint@8.21.1 want: *
201 timing idealTree:node_modules/@types/eslint Completed in 3ms
202 timing idealTree:node_modules/@types/estree Completed in 0ms
203 timing idealTree:node_modules/@types/json-schema Completed in 0ms
204 silly placeDep ROOT @webassemblyjs/helper-numbers@1.11.1 OK for: @webassemblyjs/ast@1.11.1 want: 1.11.1
205 silly placeDep ROOT @webassemblyjs/helper-wasm-bytecode@1.11.1 OK for: @webassemblyjs/ast@1.11.1 want: 1.11.1
206 silly fetch manifest @webassemblyjs/floating-point-hex-parser@1.11.1
207 silly fetch manifest @xtuc/long@4.2.2
208 http fetch GET 200 https://registry.npmjs.org/@webassemblyjs%2ffloating-point-hex-parser 72ms (cache miss)
209 http fetch GET 200 https://registry.npmjs.org/@xtuc%2flong 466ms (cache miss)
210 timing idealTree:node_modules/@webassemblyjs/ast Completed in 477ms
211 silly placeDep ROOT @webassemblyjs/floating-point-hex-parser@1.11.1 OK for: @webassemblyjs/helper-numbers@1.11.1 want: 1.11.1
212 silly placeDep ROOT @webassemblyjs/helper-api-error@1.11.1 OK for: @webassemblyjs/helper-numbers@1.11.1 want: 1.11.1
213 silly placeDep ROOT @xtuc/long@4.2.2 OK for: @webassemblyjs/helper-numbers@1.11.1 want: 4.2.2
214 timing idealTree:node_modules/@webassemblyjs/helper-numbers Completed in 9ms
215 timing idealTree:node_modules/@webassemblyjs/floating-point-hex-parser Completed in 0ms
216 timing idealTree:node_modules/@webassemblyjs/helper-api-error Completed in 0ms
217 timing idealTree:node_modules/@webassemblyjs/helper-wasm-bytecode Completed in 0ms
218 silly placeDep ROOT @webassemblyjs/helper-buffer@1.11.1 OK for: @webassemblyjs/wasm-edit@1.11.1 want: 1.11.1
219 silly placeDep ROOT @webassemblyjs/helper-wasm-section@1.11.1 OK for: @webassemblyjs/wasm-edit@1.11.1 want: 1.11.1
220 silly placeDep ROOT @webassemblyjs/wasm-gen@1.11.1 OK for: @webassemblyjs/wasm-edit@1.11.1 want: 1.11.1
221 silly placeDep ROOT @webassemblyjs/wasm-opt@1.11.1 OK for: @webassemblyjs/wasm-edit@1.11.1 want: 1.11.1
222 silly placeDep ROOT @webassemblyjs/wast-printer@1.11.1 OK for: @webassemblyjs/wasm-edit@1.11.1 want: 1.11.1
223 timing idealTree:node_modules/@webassemblyjs/wasm-edit Completed in 19ms
224 timing idealTree:node_modules/@webassemblyjs/helper-buffer Completed in 0ms
225 timing idealTree:node_modules/@webassemblyjs/helper-wasm-section Completed in 0ms
226 silly placeDep ROOT @webassemblyjs/ieee754@1.11.1 OK for: @webassemblyjs/wasm-gen@1.11.1 want: 1.11.1
227 silly placeDep ROOT @webassemblyjs/leb128@1.11.1 OK for: @webassemblyjs/wasm-gen@1.11.1 want: 1.11.1
228 silly placeDep ROOT @webassemblyjs/utf8@1.11.1 OK for: @webassemblyjs/wasm-gen@1.11.1 want: 1.11.1
229 silly fetch manifest @xtuc/ieee754@^1.2.0
230 http fetch GET 200 https://registry.npmjs.org/@xtuc%2fieee754 94ms (cache miss)
231 timing idealTree:node_modules/@webassemblyjs/wasm-gen Completed in 106ms
232 silly placeDep ROOT @xtuc/ieee754@1.2.0 OK for: @webassemblyjs/ieee754@1.11.1 want: ^1.2.0
233 timing idealTree:node_modules/@webassemblyjs/ieee754 Completed in 7ms
234 timing idealTree:node_modules/@webassemblyjs/leb128 Completed in 0ms
235 timing idealTree:node_modules/@webassemblyjs/utf8 Completed in 0ms
236 timing idealTree:node_modules/@webassemblyjs/wasm-opt Completed in 0ms
237 timing idealTree:node_modules/@webassemblyjs/wasm-parser Completed in 0ms
238 timing idealTree:node_modules/@webassemblyjs/wast-printer Completed in 0ms
239 timing idealTree:node_modules/@xtuc/ieee754 Completed in 0ms
240 timing idealTree:node_modules/@xtuc/long Completed in 0ms
241 timing idealTree:node_modules/acorn Completed in 0ms
242 timing idealTree:node_modules/acorn-import-assertions Completed in 0ms
243 silly fetch manifest browserslist@>= 4.21.0
244 silly placeDep ROOT caniuse-lite@1.0.30001460 OK for: browserslist@4.21.5 want: ^1.0.30001449
245 silly placeDep ROOT electron-to-chromium@1.4.320 OK for: browserslist@4.21.5 want: ^1.4.284
246 silly placeDep ROOT node-releases@2.0.10 OK for: browserslist@4.21.5 want: ^2.0.8
247 silly placeDep ROOT update-browserslist-db@1.0.10 OK for: browserslist@4.21.5 want: ^1.0.10
248 silly fetch manifest escalade@^3.1.1
249 silly fetch manifest picocolors@^1.0.0
250 http fetch GET 200 https://registry.npmjs.org/escalade 41ms (cache miss)
251 http fetch GET 200 https://registry.npmjs.org/picocolors 62ms (cache miss)
252 timing idealTree:node_modules/browserslist Completed in 84ms
253 timing idealTree:node_modules/caniuse-lite Completed in 0ms
254 timing idealTree:node_modules/chrome-trace-event Completed in 0ms
255 timing idealTree:node_modules/electron-to-chromium Completed in 0ms
256 timing idealTree:node_modules/enhanced-resolve Completed in 1ms
257 timing idealTree:node_modules/es-module-lexer Completed in 0ms
258 silly placeDep ROOT esrecurse@4.3.0 OK for: eslint-scope@5.1.1 want: ^4.3.0
259 silly placeDep ROOT estraverse@4.3.0 OK for: eslint-scope@5.1.1 want: ^4.1.1
260 silly fetch manifest estraverse@^5.2.0
261 timing idealTree:node_modules/eslint-scope Completed in 13ms
262 silly placeDep node_modules/esrecurse estraverse@5.3.0 OK for: esrecurse@4.3.0 want: ^5.2.0
263 timing idealTree:node_modules/esrecurse Completed in 7ms
264 timing idealTree:node_modules/estraverse Completed in 0ms
265 timing idealTree:node_modules/events Completed in 0ms
266 timing idealTree:node_modules/glob-to-regexp Completed in 0ms
267 timing idealTree:node_modules/graceful-fs Completed in 0ms
268 timing idealTree:node_modules/json-parse-even-better-errors Completed in 0ms
269 timing idealTree:node_modules/loader-runner Completed in 0ms
270 silly placeDep ROOT mime-db@1.52.0 OK for: mime-types@2.1.35 want: 1.52.0
271 timing idealTree:node_modules/mime-types Completed in 4ms
272 timing idealTree:node_modules/mime-db Completed in 0ms
273 timing idealTree:node_modules/neo-async Completed in 0ms
274 timing idealTree:node_modules/node-releases Completed in 0ms
275 silly placeDep ROOT ajv@6.12.6 OK for: schema-utils@3.1.1 want: ^6.12.5
276 silly placeDep ROOT ajv-keywords@3.5.2 OK for: schema-utils@3.1.1 want: ^3.5.2
277 silly fetch manifest fast-deep-equal@^3.1.1
278 silly fetch manifest fast-json-stable-stringify@^2.0.0
279 silly fetch manifest json-schema-traverse@^0.4.1
280 silly fetch manifest uri-js@^4.2.2
281 http fetch GET 200 https://registry.npmjs.org/fast-json-stable-stringify 69ms (cache miss)
282 http fetch GET 200 https://registry.npmjs.org/fast-deep-equal 73ms (cache miss)
283 http fetch GET 200 https://registry.npmjs.org/json-schema-traverse 69ms (cache miss)
284 http fetch GET 200 https://registry.npmjs.org/uri-js 66ms (cache miss)
285 timing idealTree:node_modules/schema-utils Completed in 94ms
286 silly placeDep ROOT fast-deep-equal@3.1.3 OK for: ajv@6.12.6 want: ^3.1.1
287 silly placeDep ROOT fast-json-stable-stringify@2.1.0 OK for: ajv@6.12.6 want: ^2.0.0
288 silly placeDep ROOT json-schema-traverse@0.4.1 OK for: ajv@6.12.6 want: ^0.4.1
289 silly placeDep ROOT uri-js@4.4.1 OK for: ajv@6.12.6 want: ^4.2.2
290 silly fetch manifest punycode@^2.1.0
291 http fetch GET 200 https://registry.npmjs.org/punycode 40ms (cache miss)
292 timing idealTree:node_modules/ajv Completed in 54ms
293 timing idealTree:node_modules/ajv-keywords Completed in 0ms
294 timing idealTree:node_modules/fast-deep-equal Completed in 0ms
295 timing idealTree:node_modules/fast-json-stable-stringify Completed in 0ms
296 timing idealTree:node_modules/json-schema-traverse Completed in 0ms
297 timing idealTree:node_modules/tapable Completed in 0ms
298 silly placeDep ROOT @jridgewell/trace-mapping@0.3.17 OK for: terser-webpack-plugin@5.3.6 want: ^0.3.14
299 silly placeDep ROOT jest-worker@27.5.1 OK for: terser-webpack-plugin@5.3.6 want: ^27.4.5
300 silly placeDep ROOT serialize-javascript@6.0.1 OK for: terser-webpack-plugin@5.3.6 want: ^6.0.0
301 silly placeDep ROOT terser@5.16.5 OK for: terser-webpack-plugin@5.3.6 want: ^5.14.1
302 silly fetch manifest @jridgewell/resolve-uri@3.1.0
303 silly fetch manifest @jridgewell/sourcemap-codec@1.4.14
304 silly fetch manifest @types/node@*
305 silly fetch manifest merge-stream@^2.0.0
306 silly fetch manifest supports-color@^8.0.0
307 silly fetch manifest randombytes@^2.1.0
308 silly fetch manifest @jridgewell/source-map@^0.3.2
309 silly fetch manifest commander@^2.20.0
310 silly fetch manifest source-map-support@~0.5.20
311 http fetch GET 200 https://registry.npmjs.org/randombytes 82ms (cache miss)
312 http fetch GET 200 https://registry.npmjs.org/merge-stream 89ms (cache miss)
313 http fetch GET 200 https://registry.npmjs.org/source-map-support 80ms (cache miss)
314 http fetch GET 200 https://registry.npmjs.org/@jridgewell%2fresolve-uri 110ms (cache miss)
315 http fetch GET 200 https://registry.npmjs.org/supports-color 109ms (cache miss)
316 http fetch GET 200 https://registry.npmjs.org/@jridgewell%2fsource-map 172ms (cache miss)
317 http fetch GET 200 https://registry.npmjs.org/@jridgewell%2fsourcemap-codec 261ms (cache miss)
318 http fetch GET 200 https://registry.npmjs.org/@types%2fnode 353ms (cache miss)
319 timing idealTree:node_modules/terser-webpack-plugin Completed in 393ms
320 silly placeDep ROOT @jridgewell/resolve-uri@3.1.0 OK for: @jridgewell/trace-mapping@0.3.17 want: 3.1.0
321 silly placeDep ROOT @jridgewell/sourcemap-codec@1.4.14 OK for: @jridgewell/trace-mapping@0.3.17 want: 1.4.14
322 timing idealTree:node_modules/@jridgewell/trace-mapping Completed in 5ms
323 timing idealTree:node_modules/@jridgewell/resolve-uri Completed in 0ms
324 timing idealTree:node_modules/@jridgewell/sourcemap-codec Completed in 1ms
325 silly placeDep ROOT @types/node@18.14.6 OK for: jest-worker@27.5.1 want: *
326 silly placeDep ROOT merge-stream@2.0.0 OK for: jest-worker@27.5.1 want: ^2.0.0
327 silly placeDep ROOT supports-color@8.1.1 OK for: jest-worker@27.5.1 want: ^8.0.0
328 silly fetch manifest has-flag@^4.0.0
329 http fetch GET 200 https://registry.npmjs.org/has-flag 54ms (cache miss)
330 timing idealTree:node_modules/jest-worker Completed in 64ms
331 timing idealTree:node_modules/@types/node Completed in 0ms
332 timing idealTree:node_modules/merge-stream Completed in 0ms
333 silly placeDep ROOT randombytes@2.1.0 OK for: serialize-javascript@6.0.1 want: ^2.1.0
334 silly fetch manifest safe-buffer@^5.1.0
335 http fetch GET 200 https://registry.npmjs.org/safe-buffer 58ms (cache miss)
336 timing idealTree:node_modules/serialize-javascript Completed in 63ms
337 silly placeDep ROOT safe-buffer@5.2.1 OK for: randombytes@2.1.0 want: ^5.1.0
338 timing idealTree:node_modules/randombytes Completed in 3ms
339 timing idealTree:node_modules/safe-buffer Completed in 0ms
340 silly placeDep ROOT has-flag@4.0.0 OK for: supports-color@8.1.1 want: ^4.0.0
341 timing idealTree:node_modules/supports-color Completed in 2ms
342 timing idealTree:node_modules/has-flag Completed in 1ms
343 silly placeDep ROOT @jridgewell/source-map@0.3.2 OK for: terser@5.16.5 want: ^0.3.2
344 silly placeDep ROOT commander@2.20.3 OK for: terser@5.16.5 want: ^2.20.0
345 silly placeDep ROOT source-map-support@0.5.21 OK for: terser@5.16.5 want: ~0.5.20
346 silly fetch manifest @jridgewell/gen-mapping@^0.3.0
347 silly fetch manifest buffer-from@^1.0.0
348 silly fetch manifest source-map@^0.6.0
349 http fetch GET 200 https://registry.npmjs.org/buffer-from 41ms (cache miss)
350 http fetch GET 200 https://registry.npmjs.org/source-map 58ms (cache miss)
351 http fetch GET 200 https://registry.npmjs.org/@jridgewell%2fgen-mapping 95ms (cache miss)
352 timing idealTree:node_modules/terser Completed in 111ms
353 silly placeDep ROOT @jridgewell/gen-mapping@0.3.2 OK for: @jridgewell/source-map@0.3.2 want: ^0.3.0
354 silly fetch manifest @jridgewell/set-array@^1.0.1
355 http fetch GET 200 https://registry.npmjs.org/@jridgewell%2fset-array 110ms (cache miss)
356 timing idealTree:node_modules/@jridgewell/source-map Completed in 117ms
357 silly placeDep ROOT @jridgewell/set-array@1.1.2 OK for: @jridgewell/gen-mapping@0.3.2 want: ^1.0.1
358 timing idealTree:node_modules/@jridgewell/gen-mapping Completed in 3ms
359 timing idealTree:node_modules/@jridgewell/set-array Completed in 0ms
360 timing idealTree:node_modules/commander Completed in 0ms
361 silly placeDep ROOT buffer-from@1.1.2 OK for: source-map-support@0.5.21 want: ^1.0.0
362 silly placeDep ROOT source-map@0.6.1 OK for: source-map-support@0.5.21 want: ^0.6.0
363 timing idealTree:node_modules/source-map-support Completed in 6ms
364 timing idealTree:node_modules/buffer-from Completed in 0ms
365 timing idealTree:node_modules/source-map Completed in 0ms
366 silly placeDep ROOT escalade@3.1.1 OK for: update-browserslist-db@1.0.10 want: ^3.1.1
367 silly placeDep ROOT picocolors@1.0.0 OK for: update-browserslist-db@1.0.10 want: ^1.0.0
368 timing idealTree:node_modules/update-browserslist-db Completed in 5ms
369 timing idealTree:node_modules/escalade Completed in 0ms
370 timing idealTree:node_modules/picocolors Completed in 0ms
371 silly placeDep ROOT punycode@2.3.0 OK for: uri-js@4.4.1 want: ^2.1.0
372 timing idealTree:node_modules/uri-js Completed in 2ms
373 timing idealTree:node_modules/punycode Completed in 0ms
374 timing idealTree:node_modules/watchpack Completed in 0ms
375 silly fetch manifest webpack@5.x.x
376 silly fetch manifest webpack-cli@5.x.x
377 silly placeDep ROOT @discoveryjs/json-ext@0.5.7 OK for: webpack-cli@5.0.1 want: ^0.5.0
378 silly placeDep ROOT @webpack-cli/configtest@2.0.1 OK for: webpack-cli@5.0.1 want: ^2.0.1
379 silly placeDep ROOT @webpack-cli/info@2.0.1 OK for: webpack-cli@5.0.1 want: ^2.0.1
380 silly placeDep ROOT @webpack-cli/serve@2.0.1 OK for: webpack-cli@5.0.1 want: ^2.0.1
381 silly placeDep ROOT colorette@2.0.19 OK for: webpack-cli@5.0.1 want: ^2.0.14
382 silly placeDep node_modules/webpack-cli commander@9.5.0 OK for: webpack-cli@5.0.1 want: ^9.4.1
383 silly placeDep ROOT cross-spawn@7.0.3 OK for: webpack-cli@5.0.1 want: ^7.0.3
384 silly placeDep ROOT envinfo@7.8.1 OK for: webpack-cli@5.0.1 want: ^7.7.3
385 silly placeDep ROOT fastest-levenshtein@1.0.16 OK for: webpack-cli@5.0.1 want: ^1.0.12
386 silly placeDep ROOT import-local@3.1.0 OK for: webpack-cli@5.0.1 want: ^3.0.2
387 silly placeDep ROOT interpret@3.1.1 OK for: webpack-cli@5.0.1 want: ^3.1.1
388 silly placeDep ROOT rechoir@0.8.0 OK for: webpack-cli@5.0.1 want: ^0.8.0
389 silly placeDep ROOT webpack-merge@5.8.0 OK for: webpack-cli@5.0.1 want: ^5.7.3
390 silly fetch manifest path-key@^3.1.0
391 silly fetch manifest shebang-command@^2.0.0
392 silly fetch manifest which@^2.0.1
393 silly fetch manifest pkg-dir@^4.2.0
394 silly fetch manifest resolve-cwd@^3.0.0
395 silly fetch manifest resolve@^1.20.0
396 silly fetch manifest clone-deep@^4.0.1
397 silly fetch manifest wildcard@^2.0.0
398 http fetch GET 200 https://registry.npmjs.org/path-key 110ms (cache miss)
399 http fetch GET 200 https://registry.npmjs.org/clone-deep 92ms (cache miss)
400 http fetch GET 200 https://registry.npmjs.org/pkg-dir 99ms (cache miss)
401 http fetch GET 200 https://registry.npmjs.org/which 102ms (cache miss)
402 http fetch GET 200 https://registry.npmjs.org/resolve-cwd 101ms (cache miss)
403 http fetch GET 200 https://registry.npmjs.org/resolve 99ms (cache miss)
404 http fetch GET 200 https://registry.npmjs.org/shebang-command 132ms (cache miss)
405 http fetch GET 200 https://registry.npmjs.org/wildcard 782ms (cache miss)
406 timing idealTree:node_modules/webpack-cli Completed in 849ms
407 timing idealTree:node_modules/@discoveryjs/json-ext Completed in 0ms
408 timing idealTree:node_modules/@webpack-cli/configtest Completed in 0ms
409 timing idealTree:node_modules/@webpack-cli/info Completed in 0ms
410 timing idealTree:node_modules/@webpack-cli/serve Completed in 0ms
411 timing idealTree:node_modules/colorette Completed in 0ms
412 silly placeDep ROOT path-key@3.1.1 OK for: cross-spawn@7.0.3 want: ^3.1.0
413 silly placeDep ROOT shebang-command@2.0.0 OK for: cross-spawn@7.0.3 want: ^2.0.0
414 silly placeDep ROOT which@2.0.2 OK for: cross-spawn@7.0.3 want: ^2.0.1
415 silly fetch manifest shebang-regex@^3.0.0
416 silly fetch manifest isexe@^2.0.0
417 http fetch GET 200 https://registry.npmjs.org/isexe 50ms (cache miss)
418 http fetch GET 200 https://registry.npmjs.org/shebang-regex 85ms (cache miss)
419 timing idealTree:node_modules/cross-spawn Completed in 107ms
420 timing idealTree:node_modules/envinfo Completed in 0ms
421 timing idealTree:node_modules/fastest-levenshtein Completed in 0ms
422 silly placeDep ROOT pkg-dir@4.2.0 OK for: import-local@3.1.0 want: ^4.2.0
423 silly placeDep ROOT resolve-cwd@3.0.0 OK for: import-local@3.1.0 want: ^3.0.0
424 silly fetch manifest find-up@^4.0.0
425 silly fetch manifest resolve-from@^5.0.0
426 http fetch GET 200 https://registry.npmjs.org/resolve-from 42ms (cache miss)
427 http fetch GET 200 https://registry.npmjs.org/find-up 112ms (cache miss)
428 timing idealTree:node_modules/import-local Completed in 121ms
429 timing idealTree:node_modules/interpret Completed in 0ms
430 timing idealTree:node_modules/path-key Completed in 0ms
431 silly placeDep ROOT find-up@4.1.0 OK for: pkg-dir@4.2.0 want: ^4.0.0
432 silly fetch manifest locate-path@^5.0.0
433 silly fetch manifest path-exists@^4.0.0
434 http fetch GET 200 https://registry.npmjs.org/path-exists 48ms (cache miss)
435 http fetch GET 200 https://registry.npmjs.org/locate-path 52ms (cache miss)
436 timing idealTree:node_modules/pkg-dir Completed in 61ms
437 silly placeDep ROOT locate-path@5.0.0 OK for: find-up@4.1.0 want: ^5.0.0
438 silly placeDep ROOT path-exists@4.0.0 OK for: find-up@4.1.0 want: ^4.0.0
439 silly fetch manifest p-locate@^4.1.0
440 http fetch GET 200 https://registry.npmjs.org/p-locate 62ms (cache miss)
441 timing idealTree:node_modules/find-up Completed in 69ms
442 silly placeDep ROOT p-locate@4.1.0 OK for: locate-path@5.0.0 want: ^4.1.0
443 silly fetch manifest p-limit@^2.2.0
444 http fetch GET 200 https://registry.npmjs.org/p-limit 52ms (cache miss)
445 timing idealTree:node_modules/locate-path Completed in 64ms
446 silly placeDep ROOT p-limit@2.3.0 OK for: p-locate@4.1.0 want: ^2.2.0
447 silly fetch manifest p-try@^2.0.0
448 http fetch GET 200 https://registry.npmjs.org/p-try 37ms (cache miss)
449 timing idealTree:node_modules/p-locate Completed in 45ms
450 silly placeDep ROOT p-try@2.2.0 OK for: p-limit@2.3.0 want: ^2.0.0
451 timing idealTree:node_modules/p-limit Completed in 3ms
452 timing idealTree:node_modules/p-try Completed in 0ms
453 timing idealTree:node_modules/path-exists Completed in 0ms
454 silly placeDep ROOT resolve@1.22.1 OK for: rechoir@0.8.0 want: ^1.20.0
455 silly fetch manifest is-core-module@^2.9.0
456 silly fetch manifest path-parse@^1.0.7
457 silly fetch manifest supports-preserve-symlinks-flag@^1.0.0
458 http fetch GET 200 https://registry.npmjs.org/path-parse 47ms (cache miss)
459 http fetch GET 200 https://registry.npmjs.org/supports-preserve-symlinks-flag 47ms (cache miss)
460 http fetch GET 200 https://registry.npmjs.org/is-core-module 61ms (cache miss)
461 timing idealTree:node_modules/rechoir Completed in 66ms
462 silly placeDep ROOT is-core-module@2.11.0 OK for: resolve@1.22.1 want: ^2.9.0
463 silly placeDep ROOT path-parse@1.0.7 OK for: resolve@1.22.1 want: ^1.0.7
464 silly placeDep ROOT supports-preserve-symlinks-flag@1.0.0 OK for: resolve@1.22.1 want: ^1.0.0
465 silly fetch manifest has@^1.0.3
466 http fetch GET 200 https://registry.npmjs.org/has 37ms (cache miss)
467 timing idealTree:node_modules/resolve Completed in 46ms
468 silly placeDep ROOT has@1.0.3 OK for: is-core-module@2.11.0 want: ^1.0.3
469 silly fetch manifest function-bind@^1.1.1
470 http fetch GET 200 https://registry.npmjs.org/function-bind 58ms (cache miss)
471 timing idealTree:node_modules/is-core-module Completed in 62ms
472 silly placeDep ROOT function-bind@1.1.1 OK for: has@1.0.3 want: ^1.1.1
473 timing idealTree:node_modules/has Completed in 2ms
474 timing idealTree:node_modules/function-bind Completed in 0ms
475 timing idealTree:node_modules/path-parse Completed in 0ms
476 silly placeDep ROOT resolve-from@5.0.0 OK for: resolve-cwd@3.0.0 want: ^5.0.0
477 timing idealTree:node_modules/resolve-cwd Completed in 2ms
478 timing idealTree:node_modules/resolve-from Completed in 0ms
479 silly placeDep ROOT shebang-regex@3.0.0 OK for: shebang-command@2.0.0 want: ^3.0.0
480 timing idealTree:node_modules/shebang-command Completed in 2ms
481 timing idealTree:node_modules/shebang-regex Completed in 0ms
482 timing idealTree:node_modules/supports-preserve-symlinks-flag Completed in 0ms
483 silly placeDep ROOT clone-deep@4.0.1 OK for: webpack-merge@5.8.0 want: ^4.0.1
484 silly placeDep ROOT wildcard@2.0.0 OK for: webpack-merge@5.8.0 want: ^2.0.0
485 silly fetch manifest is-plain-object@^2.0.4
486 silly fetch manifest kind-of@^6.0.2
487 silly fetch manifest shallow-clone@^3.0.0
488 http fetch GET 200 https://registry.npmjs.org/is-plain-object 44ms (cache miss)
489 http fetch GET 200 https://registry.npmjs.org/kind-of 54ms (cache miss)
490 http fetch GET 200 https://registry.npmjs.org/shallow-clone 53ms (cache miss)
491 timing idealTree:node_modules/webpack-merge Completed in 63ms
492 silly placeDep ROOT is-plain-object@2.0.4 OK for: clone-deep@4.0.1 want: ^2.0.4
493 silly placeDep ROOT kind-of@6.0.3 OK for: clone-deep@4.0.1 want: ^6.0.2
494 silly placeDep ROOT shallow-clone@3.0.1 OK for: clone-deep@4.0.1 want: ^3.0.0
495 silly fetch manifest isobject@^3.0.1
496 http fetch GET 200 https://registry.npmjs.org/isobject 57ms (cache miss)
497 timing idealTree:node_modules/clone-deep Completed in 66ms
498 silly placeDep ROOT isobject@3.0.1 OK for: is-plain-object@2.0.4 want: ^3.0.1
499 timing idealTree:node_modules/is-plain-object Completed in 2ms
500 timing idealTree:node_modules/isobject Completed in 0ms
501 timing idealTree:node_modules/kind-of Completed in 0ms
502 timing idealTree:node_modules/shallow-clone Completed in 0ms
503 timing idealTree:node_modules/webpack-sources Completed in 0ms
504 silly placeDep ROOT isexe@2.0.0 OK for: which@2.0.2 want: ^2.0.0
505 timing idealTree:node_modules/which Completed in 2ms
506 timing idealTree:node_modules/isexe Completed in 0ms
507 timing idealTree:node_modules/wildcard Completed in 0ms
508 timing idealTree:node_modules/esrecurse/node_modules/estraverse Completed in 0ms
509 timing idealTree:node_modules/webpack-cli/node_modules/commander Completed in 0ms
510 timing idealTree:buildDeps Completed in 6897ms
511 timing idealTree:fixDepFlags Completed in 4ms
512 timing idealTree Completed in 6939ms
513 timing reify:loadTrees Completed in 6941ms
514 timing reify:diffTrees Completed in 13ms
515 silly reify moves {}
516 timing reify:retireShallow Completed in 4ms
517 timing reify:createSparse Completed in 27ms
518 timing reify:loadBundles Completed in 0ms
519 silly tarball no local data for isexe@https://registry.npmjs.org/isexe/-/isexe-2.0.0.tgz. Extracting by manifest.
520 silly tarball no local data for shallow-clone@https://registry.npmjs.org/shallow-clone/-/shallow-clone-3.0.1.tgz. Extracting by manifest.
521 silly tarball no local data for isobject@https://registry.npmjs.org/isobject/-/isobject-3.0.1.tgz. Extracting by manifest.
522 silly tarball no local data for kind-of@https://registry.npmjs.org/kind-of/-/kind-of-6.0.3.tgz. Extracting by manifest.
523 silly tarball no local data for is-plain-object@https://registry.npmjs.org/is-plain-object/-/is-plain-object-2.0.4.tgz. Extracting by manifest.
524 silly tarball no local data for wildcard@https://registry.npmjs.org/wildcard/-/wildcard-2.0.0.tgz. Extracting by manifest.
525 silly tarball no local data for clone-deep@https://registry.npmjs.org/clone-deep/-/clone-deep-4.0.1.tgz. Extracting by manifest.
526 silly tarball no local data for shebang-regex@https://registry.npmjs.org/shebang-regex/-/shebang-regex-3.0.0.tgz. Extracting by manifest.
527 silly tarball no local data for function-bind@https://registry.npmjs.org/function-bind/-/function-bind-1.1.1.tgz. Extracting by manifest.
528 silly tarball no local data for resolve-from@https://registry.npmjs.org/resolve-from/-/resolve-from-5.0.0.tgz. Extracting by manifest.
529 silly tarball no local data for has@https://registry.npmjs.org/has/-/has-1.0.3.tgz. Extracting by manifest.
530 silly tarball no local data for supports-preserve-symlinks-flag@https://registry.npmjs.org/supports-preserve-symlinks-flag/-/supports-preserve-symlinks-flag-1.0.0.tgz. Extracting by manifest.
531 silly tarball no local data for path-parse@https://registry.npmjs.org/path-parse/-/path-parse-1.0.7.tgz. Extracting by manifest.
532 silly tarball no local data for is-core-module@https://registry.npmjs.org/is-core-module/-/is-core-module-2.11.0.tgz. Extracting by manifest.
533 silly tarball no local data for resolve@https://registry.npmjs.org/resolve/-/resolve-1.22.1.tgz. Extracting by manifest.
534 silly tarball no local data for p-try@https://registry.npmjs.org/p-try/-/p-try-2.2.0.tgz. Extracting by manifest.
535 silly tarball no local data for p-limit@https://registry.npmjs.org/p-limit/-/p-limit-2.3.0.tgz. Extracting by manifest.
536 silly tarball no local data for path-exists@https://registry.npmjs.org/path-exists/-/path-exists-4.0.0.tgz. Extracting by manifest.
537 silly tarball no local data for p-locate@https://registry.npmjs.org/p-locate/-/p-locate-4.1.0.tgz. Extracting by manifest.
538 silly tarball no local data for locate-path@https://registry.npmjs.org/locate-path/-/locate-path-5.0.0.tgz. Extracting by manifest.
539 silly tarball no local data for find-up@https://registry.npmjs.org/find-up/-/find-up-4.1.0.tgz. Extracting by manifest.
540 silly tarball no local data for resolve-cwd@https://registry.npmjs.org/resolve-cwd/-/resolve-cwd-3.0.0.tgz. Extracting by manifest.
541 silly tarball no local data for pkg-dir@https://registry.npmjs.org/pkg-dir/-/pkg-dir-4.2.0.tgz. Extracting by manifest.
542 silly tarball no local data for shebang-command@https://registry.npmjs.org/shebang-command/-/shebang-command-2.0.0.tgz. Extracting by manifest.
543 silly tarball no local data for which@https://registry.npmjs.org/which/-/which-2.0.2.tgz. Extracting by manifest.
544 silly tarball no local data for path-key@https://registry.npmjs.org/path-key/-/path-key-3.1.1.tgz. Extracting by manifest.
545 silly tarball no local data for webpack-merge@https://registry.npmjs.org/webpack-merge/-/webpack-merge-5.8.0.tgz. Extracting by manifest.
546 silly tarball no local data for rechoir@https://registry.npmjs.org/rechoir/-/rechoir-0.8.0.tgz. Extracting by manifest.
547 silly tarball no local data for interpret@https://registry.npmjs.org/interpret/-/interpret-3.1.1.tgz. Extracting by manifest.
548 silly tarball no local data for fastest-levenshtein@https://registry.npmjs.org/fastest-levenshtein/-/fastest-levenshtein-1.0.16.tgz. Extracting by manifest.
549 silly tarball no local data for import-local@https://registry.npmjs.org/import-local/-/import-local-3.1.0.tgz. Extracting by manifest.
550 silly tarball no local data for envinfo@https://registry.npmjs.org/envinfo/-/envinfo-7.8.1.tgz. Extracting by manifest.
551 silly tarball no local data for cross-spawn@https://registry.npmjs.org/cross-spawn/-/cross-spawn-7.0.3.tgz. Extracting by manifest.
552 silly tarball no local data for colorette@https://registry.npmjs.org/colorette/-/colorette-2.0.19.tgz. Extracting by manifest.
553 silly tarball no local data for @webpack-cli/serve@https://registry.npmjs.org/@webpack-cli/serve/-/serve-2.0.1.tgz. Extracting by manifest.
554 silly tarball no local data for @webpack-cli/info@https://registry.npmjs.org/@webpack-cli/info/-/info-2.0.1.tgz. Extracting by manifest.
555 silly tarball no local data for @webpack-cli/configtest@https://registry.npmjs.org/@webpack-cli/configtest/-/configtest-2.0.1.tgz. Extracting by manifest.
556 silly tarball no local data for @discoveryjs/json-ext@https://registry.npmjs.org/@discoveryjs/json-ext/-/json-ext-0.5.7.tgz. Extracting by manifest.
557 silly tarball no local data for punycode@https://registry.npmjs.org/punycode/-/punycode-2.3.0.tgz. Extracting by manifest.
558 silly tarball no local data for picocolors@https://registry.npmjs.org/picocolors/-/picocolors-1.0.0.tgz. Extracting by manifest.
559 silly tarball no local data for escalade@https://registry.npmjs.org/escalade/-/escalade-3.1.1.tgz. Extracting by manifest.
560 silly tarball no local data for source-map@https://registry.npmjs.org/source-map/-/source-map-0.6.1.tgz. Extracting by manifest.
561 silly tarball no local data for buffer-from@https://registry.npmjs.org/buffer-from/-/buffer-from-1.1.2.tgz. Extracting by manifest.
562 silly tarball no local data for @jridgewell/set-array@https://registry.npmjs.org/@jridgewell/set-array/-/set-array-1.1.2.tgz. Extracting by manifest.
563 silly tarball no local data for @jridgewell/gen-mapping@https://registry.npmjs.org/@jridgewell/gen-mapping/-/gen-mapping-0.3.2.tgz. Extracting by manifest.
564 silly tarball no local data for source-map-support@https://registry.npmjs.org/source-map-support/-/source-map-support-0.5.21.tgz. Extracting by manifest.
565 silly tarball no local data for commander@https://registry.npmjs.org/commander/-/commander-2.20.3.tgz. Extracting by manifest.
566 silly tarball no local data for @jridgewell/source-map@https://registry.npmjs.org/@jridgewell/source-map/-/source-map-0.3.2.tgz. Extracting by manifest.
567 silly tarball no local data for has-flag@https://registry.npmjs.org/has-flag/-/has-flag-4.0.0.tgz. Extracting by manifest.
568 silly tarball no local data for safe-buffer@https://registry.npmjs.org/safe-buffer/-/safe-buffer-5.2.1.tgz. Extracting by manifest.
569 silly tarball no local data for randombytes@https://registry.npmjs.org/randombytes/-/randombytes-2.1.0.tgz. Extracting by manifest.
570 silly tarball no local data for supports-color@https://registry.npmjs.org/supports-color/-/supports-color-8.1.1.tgz. Extracting by manifest.
571 silly tarball no local data for merge-stream@https://registry.npmjs.org/merge-stream/-/merge-stream-2.0.0.tgz. Extracting by manifest.
572 silly tarball no local data for @jridgewell/sourcemap-codec@https://registry.npmjs.org/@jridgewell/sourcemap-codec/-/sourcemap-codec-1.4.14.tgz. Extracting by manifest.
573 silly tarball no local data for @jridgewell/resolve-uri@https://registry.npmjs.org/@jridgewell/resolve-uri/-/resolve-uri-3.1.0.tgz. Extracting by manifest.
574 silly tarball no local data for terser@https://registry.npmjs.org/terser/-/terser-5.16.5.tgz. Extracting by manifest.
575 silly tarball no local data for serialize-javascript@https://registry.npmjs.org/serialize-javascript/-/serialize-javascript-6.0.1.tgz. Extracting by manifest.
576 silly tarball no local data for @types/node@https://registry.npmjs.org/@types/node/-/node-18.14.6.tgz. Extracting by manifest.
577 silly tarball no local data for @jridgewell/trace-mapping@https://registry.npmjs.org/@jridgewell/trace-mapping/-/trace-mapping-0.3.17.tgz. Extracting by manifest.
578 silly tarball no local data for jest-worker@https://registry.npmjs.org/jest-worker/-/jest-worker-27.5.1.tgz. Extracting by manifest.
579 silly tarball no local data for uri-js@https://registry.npmjs.org/uri-js/-/uri-js-4.4.1.tgz. Extracting by manifest.
580 silly tarball no local data for json-schema-traverse@https://registry.npmjs.org/json-schema-traverse/-/json-schema-traverse-0.4.1.tgz. Extracting by manifest.
581 silly tarball no local data for fast-json-stable-stringify@https://registry.npmjs.org/fast-json-stable-stringify/-/fast-json-stable-stringify-2.1.0.tgz. Extracting by manifest.
582 silly tarball no local data for fast-deep-equal@https://registry.npmjs.org/fast-deep-equal/-/fast-deep-equal-3.1.3.tgz. Extracting by manifest.
583 silly tarball no local data for ajv@https://registry.npmjs.org/ajv/-/ajv-6.12.6.tgz. Extracting by manifest.
584 silly tarball no local data for ajv-keywords@https://registry.npmjs.org/ajv-keywords/-/ajv-keywords-3.5.2.tgz. Extracting by manifest.
585 silly tarball no local data for mime-db@https://registry.npmjs.org/mime-db/-/mime-db-1.52.0.tgz. Extracting by manifest.
586 silly tarball no local data for estraverse@https://registry.npmjs.org/estraverse/-/estraverse-4.3.0.tgz. Extracting by manifest.
587 silly tarball no local data for esrecurse@https://registry.npmjs.org/esrecurse/-/esrecurse-4.3.0.tgz. Extracting by manifest.
588 silly tarball no local data for update-browserslist-db@https://registry.npmjs.org/update-browserslist-db/-/update-browserslist-db-1.0.10.tgz. Extracting by manifest.
589 silly tarball no local data for node-releases@https://registry.npmjs.org/node-releases/-/node-releases-2.0.10.tgz. Extracting by manifest.
590 silly tarball no local data for electron-to-chromium@https://registry.npmjs.org/electron-to-chromium/-/electron-to-chromium-1.4.320.tgz. Extracting by manifest.
591 silly tarball no local data for caniuse-lite@https://registry.npmjs.org/caniuse-lite/-/caniuse-lite-1.0.30001460.tgz. Extracting by manifest.
592 silly tarball no local data for @webassemblyjs/utf8@https://registry.npmjs.org/@webassemblyjs/utf8/-/utf8-1.11.1.tgz. Extracting by manifest.
593 silly tarball no local data for @xtuc/ieee754@https://registry.npmjs.org/@xtuc/ieee754/-/ieee754-1.2.0.tgz. Extracting by manifest.
594 silly tarball no local data for @webassemblyjs/leb128@https://registry.npmjs.org/@webassemblyjs/leb128/-/leb128-1.11.1.tgz. Extracting by manifest.
595 silly tarball no local data for @webassemblyjs/ieee754@https://registry.npmjs.org/@webassemblyjs/ieee754/-/ieee754-1.11.1.tgz. Extracting by manifest.
596 silly tarball no local data for @webassemblyjs/wast-printer@https://registry.npmjs.org/@webassemblyjs/wast-printer/-/wast-printer-1.11.1.tgz. Extracting by manifest.
597 silly tarball no local data for @webassemblyjs/wasm-opt@https://registry.npmjs.org/@webassemblyjs/wasm-opt/-/wasm-opt-1.11.1.tgz. Extracting by manifest.
598 silly tarball no local data for @webassemblyjs/wasm-gen@https://registry.npmjs.org/@webassemblyjs/wasm-gen/-/wasm-gen-1.11.1.tgz. Extracting by manifest.
599 silly tarball no local data for @webassemblyjs/helper-buffer@https://registry.npmjs.org/@webassemblyjs/helper-buffer/-/helper-buffer-1.11.1.tgz. Extracting by manifest.
600 silly tarball no local data for @webassemblyjs/helper-wasm-section@https://registry.npmjs.org/@webassemblyjs/helper-wasm-section/-/helper-wasm-section-1.11.1.tgz. Extracting by manifest.
601 silly tarball no local data for @xtuc/long@https://registry.npmjs.org/@xtuc/long/-/long-4.2.2.tgz. Extracting by manifest.
602 silly tarball no local data for @webassemblyjs/floating-point-hex-parser@https://registry.npmjs.org/@webassemblyjs/floating-point-hex-parser/-/floating-point-hex-parser-1.11.1.tgz. Extracting by manifest.
603 silly tarball no local data for @webassemblyjs/helper-wasm-bytecode@https://registry.npmjs.org/@webassemblyjs/helper-wasm-bytecode/-/helper-wasm-bytecode-1.11.1.tgz. Extracting by manifest.
604 silly tarball no local data for @webassemblyjs/helper-api-error@https://registry.npmjs.org/@webassemblyjs/helper-api-error/-/helper-api-error-1.11.1.tgz. Extracting by manifest.
605 silly tarball no local data for @webassemblyjs/helper-numbers@https://registry.npmjs.org/@webassemblyjs/helper-numbers/-/helper-numbers-1.11.1.tgz. Extracting by manifest.
606 silly tarball no local data for @types/json-schema@https://registry.npmjs.org/@types/json-schema/-/json-schema-7.0.11.tgz. Extracting by manifest.
607 silly tarball no local data for @types/eslint@https://registry.npmjs.org/@types/eslint/-/eslint-8.21.1.tgz. Extracting by manifest.
608 silly tarball no local data for webpack-sources@https://registry.npmjs.org/webpack-sources/-/webpack-sources-3.2.3.tgz. Extracting by manifest.
609 silly tarball no local data for watchpack@https://registry.npmjs.org/watchpack/-/watchpack-2.4.0.tgz. Extracting by manifest.
610 silly tarball no local data for terser-webpack-plugin@https://registry.npmjs.org/terser-webpack-plugin/-/terser-webpack-plugin-5.3.6.tgz. Extracting by manifest.
611 silly tarball no local data for tapable@https://registry.npmjs.org/tapable/-/tapable-2.2.1.tgz. Extracting by manifest.
612 silly tarball no local data for schema-utils@https://registry.npmjs.org/schema-utils/-/schema-utils-3.1.1.tgz. Extracting by manifest.
613 silly tarball no local data for neo-async@https://registry.npmjs.org/neo-async/-/neo-async-2.6.2.tgz. Extracting by manifest.
614 silly tarball no local data for mime-types@https://registry.npmjs.org/mime-types/-/mime-types-2.1.35.tgz. Extracting by manifest.
615 silly tarball no local data for loader-runner@https://registry.npmjs.org/loader-runner/-/loader-runner-4.3.0.tgz. Extracting by manifest.
616 silly tarball no local data for json-parse-even-better-errors@https://registry.npmjs.org/json-parse-even-better-errors/-/json-parse-even-better-errors-2.3.1.tgz. Extracting by manifest.
617 silly tarball no local data for graceful-fs@https://registry.npmjs.org/graceful-fs/-/graceful-fs-4.2.10.tgz. Extracting by manifest.
618 silly tarball no local data for glob-to-regexp@https://registry.npmjs.org/glob-to-regexp/-/glob-to-regexp-0.4.1.tgz. Extracting by manifest.
619 silly tarball no local data for events@https://registry.npmjs.org/events/-/events-3.3.0.tgz. Extracting by manifest.
620 silly tarball no local data for es-module-lexer@https://registry.npmjs.org/es-module-lexer/-/es-module-lexer-0.9.3.tgz. Extracting by manifest.
621 silly tarball no local data for eslint-scope@https://registry.npmjs.org/eslint-scope/-/eslint-scope-5.1.1.tgz. Extracting by manifest.
622 silly tarball no local data for enhanced-resolve@https://registry.npmjs.org/enhanced-resolve/-/enhanced-resolve-5.12.0.tgz. Extracting by manifest.
623 silly tarball no local data for chrome-trace-event@https://registry.npmjs.org/chrome-trace-event/-/chrome-trace-event-1.0.3.tgz. Extracting by manifest.
624 silly tarball no local data for browserslist@https://registry.npmjs.org/browserslist/-/browserslist-4.21.5.tgz. Extracting by manifest.
625 silly tarball no local data for acorn-import-assertions@https://registry.npmjs.org/acorn-import-assertions/-/acorn-import-assertions-1.8.0.tgz. Extracting by manifest.
626 silly tarball no local data for acorn@https://registry.npmjs.org/acorn/-/acorn-8.8.2.tgz. Extracting by manifest.
627 silly tarball no local data for @webassemblyjs/wasm-parser@https://registry.npmjs.org/@webassemblyjs/wasm-parser/-/wasm-parser-1.11.1.tgz. Extracting by manifest.
628 silly tarball no local data for @webassemblyjs/wasm-edit@https://registry.npmjs.org/@webassemblyjs/wasm-edit/-/wasm-edit-1.11.1.tgz. Extracting by manifest.
629 silly tarball no local data for @webassemblyjs/ast@https://registry.npmjs.org/@webassemblyjs/ast/-/ast-1.11.1.tgz. Extracting by manifest.
630 silly tarball no local data for @types/eslint-scope@https://registry.npmjs.org/@types/eslint-scope/-/eslint-scope-3.7.4.tgz. Extracting by manifest.
631 silly tarball no local data for @types/estree@https://registry.npmjs.org/@types/estree/-/estree-0.0.51.tgz. Extracting by manifest.
632 silly tarball no local data for webpack@https://registry.npmjs.org/webpack/-/webpack-5.75.0.tgz. Extracting by manifest.
633 silly tarball no local data for webpack-cli@https://registry.npmjs.org/webpack-cli/-/webpack-cli-5.0.1.tgz. Extracting by manifest.
634 silly tarball no local data for estraverse@https://registry.npmjs.org/estraverse/-/estraverse-5.3.0.tgz. Extracting by manifest.
635 silly tarball no local data for commander@https://registry.npmjs.org/commander/-/commander-9.5.0.tgz. Extracting by manifest.
636 http fetch GET 200 https://registry.npmjs.org/clone-deep/-/clone-deep-4.0.1.tgz 1358ms (cache miss)
637 timing reifyNode:node_modules/clone-deep Completed in 1519ms
638 http fetch GET 200 https://registry.npmjs.org/path-parse/-/path-parse-1.0.7.tgz 1342ms (cache miss)
639 timing reifyNode:node_modules/path-parse Completed in 1520ms
640 http fetch GET 200 https://registry.npmjs.org/shallow-clone/-/shallow-clone-3.0.1.tgz 1453ms (cache miss)
641 timing reifyNode:node_modules/shallow-clone Completed in 1599ms
642 http fetch GET 200 https://registry.npmjs.org/wildcard/-/wildcard-2.0.0.tgz 1443ms (cache miss)
643 http fetch GET 200 https://registry.npmjs.org/shebang-regex/-/shebang-regex-3.0.0.tgz 1438ms (cache miss)
644 timing reifyNode:node_modules/shebang-regex Completed in 1602ms
645 http fetch GET 200 https://registry.npmjs.org/path-key/-/path-key-3.1.1.tgz 1375ms (cache miss)
646 timing reifyNode:node_modules/path-key Completed in 1603ms
647 http fetch GET 200 https://registry.npmjs.org/function-bind/-/function-bind-1.1.1.tgz 1498ms (cache miss)
648 http fetch GET 200 https://registry.npmjs.org/supports-preserve-symlinks-flag/-/supports-preserve-symlinks-flag-1.0.0.tgz 1489ms (cache miss)
649 http fetch GET 200 https://registry.npmjs.org/p-try/-/p-try-2.2.0.tgz 1478ms (cache miss)
650 timing reifyNode:node_modules/p-try Completed in 1665ms
651 http fetch GET 200 https://registry.npmjs.org/p-limit/-/p-limit-2.3.0.tgz 1476ms (cache miss)
652 timing reifyNode:node_modules/p-limit Completed in 1665ms
653 http fetch GET 200 https://registry.npmjs.org/path-exists/-/path-exists-4.0.0.tgz 1474ms (cache miss)
654 timing reifyNode:node_modules/path-exists Completed in 1666ms
655 http fetch GET 200 https://registry.npmjs.org/find-up/-/find-up-4.1.0.tgz 1453ms (cache miss)
656 timing reifyNode:node_modules/find-up Completed in 1667ms
657 http fetch GET 200 https://registry.npmjs.org/resolve-cwd/-/resolve-cwd-3.0.0.tgz 1451ms (cache miss)
658 timing reifyNode:node_modules/resolve-cwd Completed in 1668ms
659 http fetch GET 200 https://registry.npmjs.org/isexe/-/isexe-2.0.0.tgz 1572ms (cache miss)
660 timing reifyNode:node_modules/isexe Completed in 1716ms
661 http fetch GET 200 https://registry.npmjs.org/isobject/-/isobject-3.0.1.tgz 1566ms (cache miss)
662 timing reifyNode:node_modules/isobject Completed in 1716ms
663 http fetch GET 200 https://registry.npmjs.org/resolve-from/-/resolve-from-5.0.0.tgz 1545ms (cache miss)
664 timing reifyNode:node_modules/resolve-from Completed in 1716ms
665 http fetch GET 200 https://registry.npmjs.org/is-core-module/-/is-core-module-2.11.0.tgz 1534ms (cache miss)
666 http fetch GET 200 https://registry.npmjs.org/kind-of/-/kind-of-6.0.3.tgz 1566ms (cache miss)
667 timing reifyNode:node_modules/kind-of Completed in 1718ms
668 http fetch GET 200 https://registry.npmjs.org/is-plain-object/-/is-plain-object-2.0.4.tgz 1564ms (cache miss)
669 timing reifyNode:node_modules/is-plain-object Completed in 1719ms
670 http fetch GET 200 https://registry.npmjs.org/interpret/-/interpret-3.1.1.tgz 1479ms (cache miss)
671 timing reifyNode:node_modules/interpret Completed in 1715ms
672 http fetch GET 200 https://registry.npmjs.org/fastest-levenshtein/-/fastest-levenshtein-1.0.16.tgz 1477ms (cache miss)
673 http fetch GET 200 https://registry.npmjs.org/buffer-from/-/buffer-from-1.1.2.tgz 1431ms (cache miss)
674 timing reifyNode:node_modules/buffer-from Completed in 1717ms
675 http fetch GET 200 https://registry.npmjs.org/has/-/has-1.0.3.tgz 1596ms (cache miss)
676 timing reifyNode:node_modules/has Completed in 1769ms
677 timing reifyNode:node_modules/is-core-module Completed in 1769ms
678 timing reifyNode:node_modules/supports-preserve-symlinks-flag Completed in 1770ms
679 http fetch GET 200 https://registry.npmjs.org/locate-path/-/locate-path-5.0.0.tgz 1568ms (cache miss)
680 timing reifyNode:node_modules/locate-path Completed in 1770ms
681 http fetch GET 200 https://registry.npmjs.org/pkg-dir/-/pkg-dir-4.2.0.tgz 1551ms (cache miss)
682 timing reifyNode:node_modules/pkg-dir Completed in 1770ms
683 http fetch GET 200 https://registry.npmjs.org/rechoir/-/rechoir-0.8.0.tgz 1537ms (cache miss)
684 timing reifyNode:node_modules/rechoir Completed in 1771ms
685 http fetch GET 200 https://registry.npmjs.org/punycode/-/punycode-2.3.0.tgz 1497ms (cache miss)
686 timing reifyNode:node_modules/punycode Completed in 1771ms
687 http fetch GET 200 https://registry.npmjs.org/picocolors/-/picocolors-1.0.0.tgz 1495ms (cache miss)
688 timing reifyNode:node_modules/picocolors Completed in 1772ms
689 http fetch GET 200 https://registry.npmjs.org/has-flag/-/has-flag-4.0.0.tgz 1471ms (cache miss)
690 timing reifyNode:node_modules/has-flag Completed in 1775ms
691 http fetch GET 200 https://registry.npmjs.org/@jridgewell/set-array/-/set-array-1.1.2.tgz 1488ms (cache miss)
692 timing reifyNode:node_modules/function-bind Completed in 1850ms
693 http fetch GET 200 https://registry.npmjs.org/p-locate/-/p-locate-4.1.0.tgz 1654ms (cache miss)
694 timing reifyNode:node_modules/p-locate Completed in 1849ms
695 http fetch GET 200 https://registry.npmjs.org/import-local/-/import-local-3.1.0.tgz 1607ms (cache miss)
696 timing reifyNode:node_modules/import-local Completed in 1848ms
697 http fetch GET 200 https://registry.npmjs.org/shebang-command/-/shebang-command-2.0.0.tgz 1629ms (cache miss)
698 timing reifyNode:node_modules/shebang-command Completed in 1851ms
699 http fetch GET 200 https://registry.npmjs.org/which/-/which-2.0.2.tgz 1626ms (cache miss)
700 timing reifyNode:node_modules/which Completed in 1852ms
701 http fetch GET 200 https://registry.npmjs.org/@webpack-cli/info/-/info-2.0.1.tgz 1587ms (cache miss)
702 timing reifyNode:node_modules/@webpack-cli/info Completed in 1852ms
703 http fetch GET 200 https://registry.npmjs.org/cross-spawn/-/cross-spawn-7.0.3.tgz 1678ms (cache miss)
704 http fetch GET 200 https://registry.npmjs.org/colorette/-/colorette-2.0.19.tgz 1668ms (cache miss)
705 timing reifyNode:node_modules/colorette Completed in 1927ms
706 http fetch GET 200 https://registry.npmjs.org/escalade/-/escalade-3.1.1.tgz 1647ms (cache miss)
707 http fetch GET 200 https://registry.npmjs.org/@webpack-cli/serve/-/serve-2.0.1.tgz 1666ms (cache miss)
708 timing reifyNode:node_modules/@webpack-cli/serve Completed in 1930ms
709 http fetch GET 200 https://registry.npmjs.org/randombytes/-/randombytes-2.1.0.tgz 1619ms (cache miss)
710 timing reifyNode:node_modules/randombytes Completed in 1927ms
711 http fetch GET 200 https://registry.npmjs.org/safe-buffer/-/safe-buffer-5.2.1.tgz 1623ms (cache miss)
712 timing reifyNode:node_modules/safe-buffer Completed in 1929ms
713 http fetch GET 200 https://registry.npmjs.org/@jridgewell/gen-mapping/-/gen-mapping-0.3.2.tgz 1638ms (cache miss)
714 http fetch GET 200 https://registry.npmjs.org/json-schema-traverse/-/json-schema-traverse-0.4.1.tgz 1580ms (cache miss)
715 timing reifyNode:node_modules/cross-spawn Completed in 1980ms
716 http fetch GET 200 https://registry.npmjs.org/serialize-javascript/-/serialize-javascript-6.0.1.tgz 1644ms (cache miss)
717 timing reifyNode:node_modules/serialize-javascript Completed in 1978ms
718 http fetch GET 200 https://registry.npmjs.org/supports-color/-/supports-color-8.1.1.tgz 1668ms (cache miss)
719 timing reifyNode:node_modules/supports-color Completed in 1980ms
720 http fetch GET 200 https://registry.npmjs.org/fast-deep-equal/-/fast-deep-equal-3.1.3.tgz 1628ms (cache miss)
721 http fetch GET 200 https://registry.npmjs.org/source-map-support/-/source-map-support-0.5.21.tgz 1722ms (cache miss)
722 timing reifyNode:node_modules/wildcard Completed in 2048ms
723 timing reifyNode:node_modules/escalade Completed in 2044ms
724 http fetch GET 200 https://registry.npmjs.org/commander/-/commander-2.20.3.tgz 1746ms (cache miss)
725 timing reifyNode:node_modules/commander Completed in 2044ms
726 timing reifyNode:node_modules/@jridgewell/set-array Completed in 2044ms
727 http fetch GET 200 https://registry.npmjs.org/merge-stream/-/merge-stream-2.0.0.tgz 1730ms (cache miss)
728 timing reifyNode:node_modules/merge-stream Completed in 2044ms
729 http fetch GET 200 https://registry.npmjs.org/envinfo/-/envinfo-7.8.1.tgz 1824ms (cache miss)
730 timing reifyNode:node_modules/source-map-support Completed in 2066ms
731 http fetch GET 200 https://registry.npmjs.org/fast-json-stable-stringify/-/fast-json-stable-stringify-2.1.0.tgz 1714ms (cache miss)
732 http fetch GET 200 https://registry.npmjs.org/@jridgewell/resolve-uri/-/resolve-uri-3.1.0.tgz 1739ms (cache miss)
733 http fetch GET 200 https://registry.npmjs.org/estraverse/-/estraverse-4.3.0.tgz 1701ms (cache miss)
734 http fetch GET 200 https://registry.npmjs.org/esrecurse/-/esrecurse-4.3.0.tgz 1699ms (cache miss)
735 timing reifyNode:node_modules/esrecurse Completed in 2069ms
736 http fetch GET 200 https://registry.npmjs.org/@webassemblyjs/wasm-opt/-/wasm-opt-1.11.1.tgz 1660ms (cache miss)
737 timing reifyNode:node_modules/fastest-levenshtein Completed in 2087ms
738 timing reifyNode:node_modules/estraverse Completed in 2085ms
739 http fetch GET 200 https://registry.npmjs.org/update-browserslist-db/-/update-browserslist-db-1.0.10.tgz 1705ms (cache miss)
740 timing reifyNode:node_modules/update-browserslist-db Completed in 2086ms
741 http fetch GET 200 https://registry.npmjs.org/@webassemblyjs/utf8/-/utf8-1.11.1.tgz 1693ms (cache miss)
742 http fetch GET 200 https://registry.npmjs.org/@webassemblyjs/ieee754/-/ieee754-1.11.1.tgz 1683ms (cache miss)
743 timing reifyNode:node_modules/@webassemblyjs/ieee754 Completed in 2087ms
744 http fetch GET 200 https://registry.npmjs.org/@webassemblyjs/leb128/-/leb128-1.11.1.tgz 1688ms (cache miss)
745 timing reifyNode:node_modules/@webassemblyjs/wasm-opt Completed in 2087ms
746 http fetch GET 200 https://registry.npmjs.org/@webassemblyjs/wasm-gen/-/wasm-gen-1.11.1.tgz 1676ms (cache miss)
747 http fetch GET 200 https://registry.npmjs.org/@webassemblyjs/floating-point-hex-parser/-/floating-point-hex-parser-1.11.1.tgz 1664ms (cache miss)
748 timing reifyNode:node_modules/@webassemblyjs/floating-point-hex-parser Completed in 2087ms
749 timing reifyNode:node_modules/json-schema-traverse Completed in 2107ms
750 http fetch GET 200 https://registry.npmjs.org/node-releases/-/node-releases-2.0.10.tgz 1725ms (cache miss)
751 http fetch GET 200 https://registry.npmjs.org/@webassemblyjs/helper-buffer/-/helper-buffer-1.11.1.tgz 1695ms (cache miss)
752 timing reifyNode:node_modules/@webassemblyjs/helper-buffer Completed in 2109ms
753 timing reifyNode:node_modules/envinfo Completed in 2125ms
754 timing reifyNode:node_modules/@jridgewell/resolve-uri Completed in 2125ms
755 timing reifyNode:node_modules/node-releases Completed in 2123ms
756 http fetch GET 200 https://registry.npmjs.org/@webassemblyjs/wast-printer/-/wast-printer-1.11.1.tgz 1718ms (cache miss)
757 timing reifyNode:node_modules/@webassemblyjs/wast-printer Completed in 2124ms
758 http fetch GET 200 https://registry.npmjs.org/@webassemblyjs/helper-wasm-bytecode/-/helper-wasm-bytecode-1.11.1.tgz 1697ms (cache miss)
759 http fetch GET 200 https://registry.npmjs.org/mime-types/-/mime-types-2.1.35.tgz 1653ms (cache miss)
760 timing reifyNode:node_modules/mime-types Completed in 2128ms
761 http fetch GET 200 https://registry.npmjs.org/@jridgewell/sourcemap-codec/-/sourcemap-codec-1.4.14.tgz 1824ms (cache miss)
762 timing reifyNode:node_modules/fast-deep-equal Completed in 2143ms
763 http fetch GET 200 https://registry.npmjs.org/@webassemblyjs/helper-numbers/-/helper-numbers-1.11.1.tgz 1707ms (cache miss)
764 timing reifyNode:node_modules/@webassemblyjs/helper-numbers Completed in 2141ms
765 http fetch GET 200 https://registry.npmjs.org/watchpack/-/watchpack-2.4.0.tgz 1684ms (cache miss)
766 http fetch GET 200 https://registry.npmjs.org/@webassemblyjs/helper-api-error/-/helper-api-error-1.11.1.tgz 1712ms (cache miss)
767 timing reifyNode:node_modules/@webassemblyjs/helper-api-error Completed in 2143ms
768 http fetch GET 200 https://registry.npmjs.org/@xtuc/ieee754/-/ieee754-1.2.0.tgz 1751ms (cache miss)
769 timing reifyNode:node_modules/@xtuc/ieee754 Completed in 2147ms
770 http fetch GET 200 https://registry.npmjs.org/schema-utils/-/schema-utils-3.1.1.tgz 1686ms (cache miss)
771 timing reifyNode:node_modules/@jridgewell/sourcemap-codec Completed in 2166ms
772 timing reifyNode:node_modules/@webassemblyjs/helper-wasm-bytecode Completed in 2163ms
773 http fetch GET 200 https://registry.npmjs.org/@types/json-schema/-/json-schema-7.0.11.tgz 1729ms (cache miss)
774 timing reifyNode:node_modules/@types/json-schema Completed in 2166ms
775 http fetch GET 200 https://registry.npmjs.org/json-parse-even-better-errors/-/json-parse-even-better-errors-2.3.1.tgz 1685ms (cache miss)
776 timing reifyNode:node_modules/json-parse-even-better-errors Completed in 2166ms
777 http fetch GET 200 https://registry.npmjs.org/loader-runner/-/loader-runner-4.3.0.tgz 1689ms (cache miss)
778 timing reifyNode:node_modules/loader-runner Completed in 2167ms
779 http fetch GET 200 https://registry.npmjs.org/graceful-fs/-/graceful-fs-4.2.10.tgz 1683ms (cache miss)
780 timing reifyNode:node_modules/graceful-fs Completed in 2166ms
781 http fetch GET 200 https://registry.npmjs.org/glob-to-regexp/-/glob-to-regexp-0.4.1.tgz 1681ms (cache miss)
782 timing reifyNode:node_modules/glob-to-regexp Completed in 2167ms
783 timing reifyNode:node_modules/@webassemblyjs/leb128 Completed in 2180ms
784 http fetch GET 200 https://registry.npmjs.org/tapable/-/tapable-2.2.1.tgz 1715ms (cache miss)
785 http fetch GET 200 https://registry.npmjs.org/chrome-trace-event/-/chrome-trace-event-1.0.3.tgz 1670ms (cache miss)
786 http fetch GET 200 https://registry.npmjs.org/estraverse/-/estraverse-5.3.0.tgz 1620ms (cache miss)
787 timing reifyNode:node_modules/chrome-trace-event Completed in 2188ms
788 http fetch GET 200 https://registry.npmjs.org/@webpack-cli/configtest/-/configtest-2.0.1.tgz 1931ms (cache miss)
789 timing reifyNode:node_modules/@webpack-cli/configtest Completed in 2200ms
790 http fetch GET 200 https://registry.npmjs.org/acorn-import-assertions/-/acorn-import-assertions-1.8.0.tgz 1675ms (cache miss)
791 timing reifyNode:node_modules/acorn-import-assertions Completed in 2190ms
792 http fetch GET 200 https://registry.npmjs.org/@types/eslint-scope/-/eslint-scope-3.7.4.tgz 1661ms (cache miss)
793 timing reifyNode:node_modules/@types/eslint-scope Completed in 2191ms
794 http fetch GET 200 https://registry.npmjs.org/@webassemblyjs/wasm-edit/-/wasm-edit-1.11.1.tgz 1668ms (cache miss)
795 http fetch GET 200 https://registry.npmjs.org/browserslist/-/browserslist-4.21.5.tgz 1681ms (cache miss)
796 http fetch GET 200 https://registry.npmjs.org/mime-db/-/mime-db-1.52.0.tgz 1840ms (cache miss)
797 timing reifyNode:node_modules/@webassemblyjs/wasm-edit Completed in 2203ms
798 timing reifyNode:node_modules/@webassemblyjs/utf8 Completed in 2218ms
799 timing reifyNode:node_modules/@webassemblyjs/wasm-gen Completed in 2217ms
800 http fetch GET 200 https://registry.npmjs.org/es-module-lexer/-/es-module-lexer-0.9.3.tgz 1724ms (cache miss)
801 timing reifyNode:node_modules/esrecurse/node_modules/estraverse Completed in 2224ms
802 http fetch GET 200 https://registry.npmjs.org/@jridgewell/source-map/-/source-map-0.3.2.tgz 1929ms (cache miss)
803 timing reifyNode:node_modules/fast-json-stable-stringify Completed in 2229ms
804 timing reifyNode:node_modules/mime-db Completed in 2229ms
805 timing reifyNode:node_modules/watchpack Completed in 2227ms
806 http fetch GET 200 https://registry.npmjs.org/webpack-merge/-/webpack-merge-5.8.0.tgz 2016ms (cache miss)
807 http fetch GET 200 https://registry.npmjs.org/terser-webpack-plugin/-/terser-webpack-plugin-5.3.6.tgz 1790ms (cache miss)
808 timing reifyNode:node_modules/es-module-lexer Completed in 2250ms
809 timing reifyNode:node_modules/@jridgewell/source-map Completed in 2278ms
810 http fetch GET 200 https://registry.npmjs.org/@jridgewell/trace-mapping/-/trace-mapping-0.3.17.tgz 1938ms (cache miss)
811 timing reifyNode:node_modules/terser-webpack-plugin Completed in 2275ms
812 timing reifyNode:node_modules/browserslist Completed in 2274ms
813 timing reifyNode:node_modules/webpack-merge Completed in 2289ms
814 timing reifyNode:node_modules/@jridgewell/gen-mapping Completed in 2286ms
815 timing reifyNode:node_modules/@jridgewell/trace-mapping Completed in 2300ms
816 http fetch GET 200 https://registry.npmjs.org/electron-to-chromium/-/electron-to-chromium-1.4.320.tgz 1912ms (cache miss)
817 http fetch GET 200 https://registry.npmjs.org/eslint-scope/-/eslint-scope-5.1.1.tgz 1807ms (cache miss)
818 http fetch GET 200 https://registry.npmjs.org/@webassemblyjs/wasm-parser/-/wasm-parser-1.11.1.tgz 1787ms (cache miss)
819 timing reifyNode:node_modules/electron-to-chromium Completed in 2317ms
820 timing reifyNode:node_modules/eslint-scope Completed in 2322ms
821 timing reifyNode:node_modules/@webassemblyjs/wasm-parser Completed in 2322ms
822 http fetch GET 200 https://registry.npmjs.org/@types/eslint/-/eslint-8.21.1.tgz 1882ms (cache miss)
823 http fetch GET 200 https://registry.npmjs.org/@webassemblyjs/helper-wasm-section/-/helper-wasm-section-1.11.1.tgz 1919ms (cache miss)
824 timing reifyNode:node_modules/tapable Completed in 2338ms
825 http fetch GET 200 https://registry.npmjs.org/@discoveryjs/json-ext/-/json-ext-0.5.7.tgz 2076ms (cache miss)
826 timing reifyNode:node_modules/@types/eslint Completed in 2359ms
827 http fetch GET 200 https://registry.npmjs.org/webpack-cli/-/webpack-cli-5.0.1.tgz 1804ms (cache miss)
828 timing reifyNode:node_modules/@discoveryjs/json-ext Completed in 2370ms
829 http fetch GET 200 https://registry.npmjs.org/jest-worker/-/jest-worker-27.5.1.tgz 2033ms (cache miss)
830 http fetch GET 200 https://registry.npmjs.org/webpack-sources/-/webpack-sources-3.2.3.tgz 1920ms (cache miss)
831 timing reifyNode:node_modules/webpack-cli Completed in 2373ms
832 http fetch GET 200 https://registry.npmjs.org/commander/-/commander-9.5.0.tgz 1806ms (cache miss)
833 http fetch GET 200 https://registry.npmjs.org/ajv-keywords/-/ajv-keywords-3.5.2.tgz 2022ms (cache miss)
834 timing reifyNode:node_modules/@webassemblyjs/helper-wasm-section Completed in 2383ms
835 timing reifyNode:node_modules/jest-worker Completed in 2390ms
836 timing reifyNode:node_modules/webpack-sources Completed in 2388ms
837 timing reifyNode:node_modules/schema-utils Completed in 2388ms
838 timing reifyNode:node_modules/webpack-cli/node_modules/commander Completed in 2386ms
839 timing reifyNode:node_modules/ajv-keywords Completed in 2395ms
840 http fetch GET 200 https://registry.npmjs.org/events/-/events-3.3.0.tgz 1913ms (cache miss)
841 http fetch GET 200 https://registry.npmjs.org/@xtuc/long/-/long-4.2.2.tgz 1991ms (cache miss)
842 timing reifyNode:node_modules/events Completed in 2412ms
843 timing reifyNode:node_modules/@xtuc/long Completed in 2428ms
844 http fetch GET 200 https://registry.npmjs.org/acorn/-/acorn-8.8.2.tgz 1916ms (cache miss)
845 timing reifyNode:node_modules/acorn Completed in 2442ms
846 http fetch GET 200 https://registry.npmjs.org/enhanced-resolve/-/enhanced-resolve-5.12.0.tgz 2020ms (cache miss)
847 timing reifyNode:node_modules/enhanced-resolve Completed in 2522ms
848 http fetch GET 200 https://registry.npmjs.org/source-map/-/source-map-0.6.1.tgz 2261ms (cache miss)
849 timing reifyNode:node_modules/source-map Completed in 2544ms
850 http fetch GET 200 https://registry.npmjs.org/uri-js/-/uri-js-4.4.1.tgz 2218ms (cache miss)
851 http fetch GET 200 https://registry.npmjs.org/@webassemblyjs/ast/-/ast-1.11.1.tgz 2033ms (cache miss)
852 timing reifyNode:node_modules/uri-js Completed in 2571ms
853 timing reifyNode:node_modules/@webassemblyjs/ast Completed in 2565ms
854 http fetch GET 200 https://registry.npmjs.org/@types/estree/-/estree-0.0.51.tgz 2089ms (cache miss)
855 timing reifyNode:node_modules/@types/estree Completed in 2622ms
856 http fetch GET 200 https://registry.npmjs.org/neo-async/-/neo-async-2.6.2.tgz 2235ms (cache miss)
857 timing reifyNode:node_modules/neo-async Completed in 2709ms
858 http fetch GET 200 https://registry.npmjs.org/ajv/-/ajv-6.12.6.tgz 2398ms (cache miss)
859 timing reifyNode:node_modules/ajv Completed in 2770ms
860 http fetch GET 200 https://registry.npmjs.org/terser/-/terser-5.16.5.tgz 2471ms (cache miss)
861 timing reifyNode:node_modules/terser Completed in 2803ms
862 http fetch GET 200 https://registry.npmjs.org/resolve/-/resolve-1.22.1.tgz 2628ms (cache miss)
863 timing reifyNode:node_modules/resolve Completed in 2817ms
864 http fetch GET 200 https://registry.npmjs.org/@types/node/-/node-18.14.6.tgz 2632ms (cache miss)
865 timing reifyNode:node_modules/@types/node Completed in 2972ms
866 http fetch GET 200 https://registry.npmjs.org/caniuse-lite/-/caniuse-lite-1.0.30001460.tgz 2984ms (cache miss)
867 timing reifyNode:node_modules/caniuse-lite Completed in 3375ms
868 http fetch GET 200 https://registry.npmjs.org/webpack/-/webpack-5.75.0.tgz 2870ms (cache miss)
869 timing reifyNode:node_modules/webpack Completed in 3413ms
870 timing reify:unpack Completed in 3432ms
871 timing reify:unretire Completed in 1ms
872 timing build:queue Completed in 9ms
873 timing build:link:node_modules/acorn Completed in 8ms
874 timing build:link:node_modules/browserslist Completed in 14ms
875 timing build:link:node_modules/envinfo Completed in 14ms
876 timing build:link:node_modules/import-local Completed in 15ms
877 timing build:link:node_modules/resolve Completed in 15ms
878 timing build:link:node_modules/terser Completed in 14ms
879 timing build:link:node_modules/update-browserslist-db Completed in 16ms
880 timing build:link:node_modules/webpack Completed in 16ms
881 timing build:link:node_modules/webpack-cli Completed in 16ms
882 timing build:link:node_modules/which Completed in 16ms
883 timing build:link Completed in 19ms
884 timing build:deps Completed in 29ms
885 timing build Completed in 29ms
886 timing reify:build Completed in 31ms
887 timing reify:trash Completed in 0ms
888 timing reify:save Completed in 82ms
889 timing reify Completed in 10832ms
890 silly ADD node_modules/isexe
891 silly ADD node_modules/isobject
892 silly ADD node_modules/shallow-clone
893 silly ADD node_modules/kind-of
894 silly ADD node_modules/is-plain-object
895 silly ADD node_modules/wildcard
896 silly ADD node_modules/clone-deep
897 silly ADD node_modules/shebang-regex
898 silly ADD node_modules/resolve-from
899 silly ADD node_modules/function-bind
900 silly ADD node_modules/has
901 silly ADD node_modules/supports-preserve-symlinks-flag
902 silly ADD node_modules/path-parse
903 silly ADD node_modules/is-core-module
904 silly ADD node_modules/resolve
905 silly ADD node_modules/p-try
906 silly ADD node_modules/p-limit
907 silly ADD node_modules/p-locate
908 silly ADD node_modules/path-exists
909 silly ADD node_modules/locate-path
910 silly ADD node_modules/find-up
911 silly ADD node_modules/resolve-cwd
912 silly ADD node_modules/pkg-dir
913 silly ADD node_modules/which
914 silly ADD node_modules/shebang-command
915 silly ADD node_modules/path-key
916 silly ADD node_modules/webpack-merge
917 silly ADD node_modules/rechoir
918 silly ADD node_modules/interpret
919 silly ADD node_modules/import-local
920 silly ADD node_modules/fastest-levenshtein
921 silly ADD node_modules/envinfo
922 silly ADD node_modules/cross-spawn
923 silly ADD node_modules/colorette
924 silly ADD node_modules/@webpack-cli/serve
925 silly ADD node_modules/@webpack-cli/info
926 silly ADD node_modules/@webpack-cli/configtest
927 silly ADD node_modules/@discoveryjs/json-ext
928 silly ADD node_modules/punycode
929 silly ADD node_modules/picocolors
930 silly ADD node_modules/escalade
931 silly ADD node_modules/source-map
932 silly ADD node_modules/buffer-from
933 silly ADD node_modules/@jridgewell/set-array
934 silly ADD node_modules/@jridgewell/gen-mapping
935 silly ADD node_modules/source-map-support
936 silly ADD node_modules/commander
937 silly ADD node_modules/@jridgewell/source-map
938 silly ADD node_modules/has-flag
939 silly ADD node_modules/safe-buffer
940 silly ADD node_modules/randombytes
941 silly ADD node_modules/supports-color
942 silly ADD node_modules/merge-stream
943 silly ADD node_modules/@types/node
944 silly ADD node_modules/@jridgewell/sourcemap-codec
945 silly ADD node_modules/@jridgewell/resolve-uri
946 silly ADD node_modules/terser
947 silly ADD node_modules/serialize-javascript
948 silly ADD node_modules/jest-worker
949 silly ADD node_modules/@jridgewell/trace-mapping
950 silly ADD node_modules/uri-js
951 silly ADD node_modules/json-schema-traverse
952 silly ADD node_modules/fast-json-stable-stringify
953 silly ADD node_modules/fast-deep-equal
954 silly ADD node_modules/ajv-keywords
955 silly ADD node_modules/ajv
956 silly ADD node_modules/mime-db
957 silly ADD node_modules/estraverse
958 silly ADD node_modules/esrecurse
959 silly ADD node_modules/esrecurse/node_modules/estraverse
960 silly ADD node_modules/update-browserslist-db
961 silly ADD node_modules/node-releases
962 silly ADD node_modules/electron-to-chromium
963 silly ADD node_modules/caniuse-lite
964 silly ADD node_modules/@xtuc/ieee754
965 silly ADD node_modules/@webassemblyjs/utf8
966 silly ADD node_modules/@webassemblyjs/leb128
967 silly ADD node_modules/@webassemblyjs/ieee754
968 silly ADD node_modules/@webassemblyjs/wast-printer
969 silly ADD node_modules/@webassemblyjs/wasm-opt
970 silly ADD node_modules/@webassemblyjs/wasm-gen
971 silly ADD node_modules/@webassemblyjs/helper-wasm-section
972 silly ADD node_modules/@webassemblyjs/helper-buffer
973 silly ADD node_modules/@xtuc/long
974 silly ADD node_modules/@webassemblyjs/helper-api-error
975 silly ADD node_modules/@webassemblyjs/floating-point-hex-parser
976 silly ADD node_modules/@webassemblyjs/helper-wasm-bytecode
977 silly ADD node_modules/@webassemblyjs/helper-numbers
978 silly ADD node_modules/@types/json-schema
979 silly ADD node_modules/@types/eslint
980 silly ADD node_modules/webpack-sources
981 silly ADD node_modules/watchpack
982 silly ADD node_modules/terser-webpack-plugin
983 silly ADD node_modules/tapable
984 silly ADD node_modules/schema-utils
985 silly ADD node_modules/neo-async
986 silly ADD node_modules/mime-types
987 silly ADD node_modules/loader-runner
988 silly ADD node_modules/json-parse-even-better-errors
989 silly ADD node_modules/graceful-fs
990 silly ADD node_modules/glob-to-regexp
991 silly ADD node_modules/events
992 silly ADD node_modules/eslint-scope
993 silly ADD node_modules/es-module-lexer
994 silly ADD node_modules/enhanced-resolve
995 silly ADD node_modules/chrome-trace-event
996 silly ADD node_modules/browserslist
997 silly ADD node_modules/acorn-import-assertions
998 silly ADD node_modules/acorn
999 silly ADD node_modules/@webassemblyjs/wasm-parser
1000 silly ADD node_modules/@webassemblyjs/wasm-edit
1001 silly ADD node_modules/@webassemblyjs/ast
1002 silly ADD node_modules/@types/estree
1003 silly ADD node_modules/@types/eslint-scope
1004 silly ADD node_modules/webpack-cli
1005 silly ADD node_modules/webpack-cli/node_modules/commander
1006 silly ADD node_modules/webpack
1007 timing command:i Completed in 10857ms
1008 notice
1008 notice New [33mminor[39m version of npm available! [31m9.5.0[39m -> [32m9.6.0[39m
1008 notice Changelog: [36mhttps://github.com/npm/cli/releases/tag/v9.6.0[39m
1008 notice Run [32mnpm install -g npm@9.6.0[39m to update!
1008 notice
1009 verbose exit 0
1010 timing npm Completed in 10946ms
1011 info ok
