0 verbose cli /usr/local/bin/node /usr/local/bin/npm
1 info using npm@9.5.0
2 info using node@v18.14.2
3 timing npm:load:whichnode Completed in 4ms
4 timing config:load:defaults Completed in 6ms
5 timing config:load:file:/usr/local/lib/node_modules/npm/npmrc Completed in 1ms
6 timing config:load:builtin Completed in 2ms
7 timing config:load:cli Completed in 5ms
8 timing config:load:env Completed in 1ms
9 timing config:load:project Completed in 4ms
10 timing config:load:file:/klangrausch/.npmrc Completed in 1ms
11 timing config:load:user Completed in 1ms
12 timing config:load:file:/usr/local/etc/npmrc Completed in 0ms
13 timing config:load:global Completed in 1ms
14 timing config:load:setEnvs Completed in 2ms
15 timing config:load Completed in 24ms
16 timing npm:load:configload Completed in 24ms
17 timing npm:load:mkdirpcache Completed in 1ms
18 timing npm:load:mkdirplogs Completed in 1ms
19 verbose title npm init
20 verbose argv "init"
21 timing npm:load:setTitle Completed in 3ms
22 timing config:load:flatten Completed in 12ms
23 timing npm:load:display Completed in 15ms
24 verbose logfile logs-max:10 dir:/klangrausch/.npm/_logs/2023-02-28T20_03_03_623Z-
25 verbose logfile /klangrausch/.npm/_logs/2023-02-28T20_03_03_623Z-debug-0.log
26 timing npm:load:logFile Completed in 14ms
27 timing npm:load:timers Completed in 1ms
28 timing npm:load:configScope Completed in 0ms
29 timing npm:load Completed in 65ms
30 silly logfile done cleaning log files
31 http fetch GET 200 https://registry.npmjs.org/npm 495ms (cache miss)
32 silly package data {
32 silly package data   name: 'klangrausch',
32 silly package data   version: '1.0.0',
32 silly package data   description: '',
32 silly package data   main: 'gulpfile.js',
32 silly package data   scripts: { test: 'echo "Error: no test specified" && exit 1' },
32 silly package data   author: '',
32 silly package data   license: 'ISC'
32 silly package data }
33 timing command:init Completed in 11098ms
34 notice
34 notice New [32mpatch[39m version of npm available! [31m9.5.0[39m -> [32m9.5.1[39m
34 notice Changelog: [36mhttps://github.com/npm/cli/releases/tag/v9.5.1[39m
34 notice Run [32mnpm install -g npm@9.5.1[39m to update!
34 notice
35 verbose exit 0
36 timing npm Completed in 11230ms
37 info ok
