0 verbose cli /usr/local/bin/node /usr/local/bin/npm
1 info using npm@9.5.0
2 info using node@v18.14.2
3 timing npm:load:whichnode Completed in 5ms
4 timing config:load:defaults Completed in 25ms
5 timing config:load:file:/usr/local/lib/node_modules/npm/npmrc Completed in 1ms
6 timing config:load:builtin Completed in 2ms
7 timing config:load:cli Completed in 5ms
8 timing config:load:env Completed in 1ms
9 timing config:load:project Completed in 3ms
10 timing config:load:file:/klangrausch/.npmrc Completed in 0ms
11 timing config:load:user Completed in 1ms
12 timing config:load:file:/usr/local/etc/npmrc Completed in 1ms
13 timing config:load:global Completed in 1ms
14 timing config:load:setEnvs Completed in 3ms
15 timing config:load Completed in 41ms
16 timing npm:load:configload Completed in 41ms
17 timing npm:load:mkdirpcache Completed in 1ms
18 timing npm:load:mkdirplogs Completed in 1ms
19 verbose title npm install
20 verbose argv "install"
21 timing npm:load:setTitle Completed in 5ms
22 timing config:load:flatten Completed in 12ms
23 timing npm:load:display Completed in 16ms
24 verbose logfile logs-max:10 dir:/klangrausch/.npm/_logs/2023-02-28T20_08_13_936Z-
25 verbose logfile /klangrausch/.npm/_logs/2023-02-28T20_08_13_936Z-debug-0.log
26 timing npm:load:logFile Completed in 16ms
27 timing npm:load:timers Completed in 0ms
28 timing npm:load:configScope Completed in 0ms
29 timing npm:load Completed in 87ms
30 timing arborist:ctor Completed in 3ms
31 silly logfile done cleaning log files
32 timing idealTree:init Completed in 840ms
33 timing idealTree:userRequests Completed in 1ms
34 silly idealTree buildDeps
35 timing idealTree:#root Completed in 1ms
36 timing idealTree:buildDeps Completed in 4ms
37 timing idealTree:fixDepFlags Completed in 1ms
38 timing idealTree Completed in 864ms
39 timing reify:loadTrees Completed in 897ms
40 timing reify:diffTrees Completed in 13ms
41 silly reify moves {}
42 timing reify:retireShallow Completed in 5ms
43 timing reify:createSparse Completed in 111ms
44 timing reify:loadBundles Completed in 0ms
45 silly audit bulk request {
45 silly audit   'ansi-colors': [ '1.1.0' ],
45 silly audit   'ansi-gray': [ '0.1.1' ],
45 silly audit   'ansi-regex': [ '2.1.1' ],
45 silly audit   'ansi-wrap': [ '0.1.0' ],
45 silly audit   anymatch: [ '2.0.0' ],
45 silly audit   'normalize-path': [ '2.1.1', '3.0.0' ],
45 silly audit   'append-buffer': [ '1.0.2' ],
45 silly audit   archy: [ '1.0.0' ],
45 silly audit   'arr-diff': [ '4.0.0' ],
45 silly audit   'arr-filter': [ '1.1.2' ],
45 silly audit   'arr-flatten': [ '1.1.0' ],
45 silly audit   'arr-map': [ '2.0.2' ],
45 silly audit   'arr-union': [ '3.1.0' ],
45 silly audit   'array-each': [ '1.0.1' ],
45 silly audit   'array-initial': [ '1.1.0' ],
45 silly audit   'is-number': [ '4.0.0', '3.0.0' ],
45 silly audit   'array-last': [ '1.3.0' ],
45 silly audit   'array-slice': [ '1.1.0' ],
45 silly audit   'array-sort': [ '1.0.0' ],
45 silly audit   'array-unique': [ '0.3.2' ],
45 silly audit   'assign-symbols': [ '1.0.0' ],
45 silly audit   'async-done': [ '1.3.2' ],
45 silly audit   'async-each': [ '1.0.6' ],
45 silly audit   'async-settle': [ '1.0.0' ],
45 silly audit   atob: [ '2.1.2' ],
45 silly audit   bach: [ '1.2.0' ],
45 silly audit   'balanced-match': [ '1.0.2' ],
45 silly audit   base: [ '0.11.2' ],
45 silly audit   'define-property': [ '1.0.0', '0.2.5', '2.0.2' ],
45 silly audit   'binary-extensions': [ '1.13.1' ],
45 silly audit   bindings: [ '1.5.0' ],
45 silly audit   'brace-expansion': [ '1.1.11' ],
45 silly audit   braces: [ '2.3.2' ],
45 silly audit   'buffer-equal': [ '1.0.1' ],
45 silly audit   'buffer-from': [ '1.1.2' ],
45 silly audit   'cache-base': [ '1.0.1' ],
45 silly audit   'call-bind': [ '1.0.2' ],
45 silly audit   camelcase: [ '3.0.0' ],
45 silly audit   chokidar: [ '2.1.8' ],
45 silly audit   'class-utils': [ '0.3.6' ],
45 silly audit   'is-accessor-descriptor': [ '0.1.6', '1.0.0' ],
45 silly audit   'kind-of': [ '3.2.2', '4.0.0', '6.0.3', '5.1.0' ],
45 silly audit   'is-data-descriptor': [ '0.1.4', '1.0.0' ],
45 silly audit   'is-descriptor': [ '0.1.6', '1.0.2' ],
45 silly audit   cliui: [ '3.2.0' ],
45 silly audit   clone: [ '2.1.2' ],
45 silly audit   'clone-buffer': [ '1.0.0' ],
45 silly audit   'clone-stats': [ '1.0.0' ],
45 silly audit   'cloneable-readable': [ '1.1.3' ],
45 silly audit   'code-point-at': [ '1.1.0' ],
45 silly audit   'collection-map': [ '1.0.0' ],
45 silly audit   'collection-visit': [ '1.0.0' ],
45 silly audit   'color-support': [ '1.1.3' ],
45 silly audit   'component-emitter': [ '1.3.0' ],
45 silly audit   'concat-map': [ '0.0.1' ],
45 silly audit   'concat-stream': [ '1.6.2' ],
45 silly audit   'convert-source-map': [ '1.9.0' ],
45 silly audit   'copy-descriptor': [ '0.1.1' ],
45 silly audit   'copy-props': [ '2.0.5' ],
45 silly audit   'core-util-is': [ '1.0.3' ],
45 silly audit   d: [ '1.0.1' ],
45 silly audit   debug: [ '2.6.9' ],
45 silly audit   decamelize: [ '1.2.0' ],
45 silly audit   'decode-uri-component': [ '0.2.2' ],
45 silly audit   'default-compare': [ '1.0.0' ],
45 silly audit   'default-resolution': [ '2.0.0' ],
45 silly audit   'define-properties': [ '1.2.0' ],
45 silly audit   'detect-file': [ '1.0.0' ],
45 silly audit   duplexify: [ '3.7.1' ],
45 silly audit   'each-props': [ '1.3.2' ],
45 silly audit   'is-plain-object': [ '2.0.4', '5.0.0' ],
45 silly audit   'end-of-stream': [ '1.4.4' ],
45 silly audit   'error-ex': [ '1.3.2' ],
45 silly audit   'es5-ext': [ '0.10.62' ],
45 silly audit   'es6-iterator': [ '2.0.3' ],
45 silly audit   'es6-symbol': [ '3.1.3' ],
45 silly audit   'es6-weak-map': [ '2.0.3' ],
45 silly audit   'expand-brackets': [ '2.1.4' ],
45 silly audit   'expand-tilde': [ '2.0.2' ],
45 silly audit   ext: [ '1.7.0' ],
45 silly audit   type: [ '2.7.2', '1.2.0' ],
45 silly audit   extend: [ '3.0.2' ],
45 silly audit   'extend-shallow': [ '2.0.1', '3.0.2' ],
45 silly audit   extglob: [ '2.0.4' ],
45 silly audit   'fancy-log': [ '1.3.3' ],
45 silly audit   'fast-levenshtein': [ '1.1.4' ],
45 silly audit   'file-uri-to-path': [ '1.0.0' ],
45 silly audit   'fill-range': [ '4.0.0' ],
45 silly audit   'find-up': [ '1.1.2' ],
45 silly audit   'findup-sync': [ '3.0.0', '2.0.0' ],
45 silly audit   fined: [ '1.2.0' ],
45 silly audit   'flagged-respawn': [ '1.0.1' ],
45 silly audit   'flush-write-stream': [ '1.1.1' ],
45 silly audit   'for-in': [ '1.0.2' ],
45 silly audit   'for-own': [ '1.0.0' ],
45 silly audit   'fragment-cache': [ '0.2.1' ],
45 silly audit   'fs-mkdirp-stream': [ '1.0.0' ],
45 silly audit   'fs.realpath': [ '1.0.0' ],
45 silly audit   fsevents: [ '1.2.13' ],
45 silly audit   'function-bind': [ '1.1.1' ],
45 silly audit   'get-caller-file': [ '1.0.3' ],
45 silly audit   'get-intrinsic': [ '1.2.0' ],
45 silly audit   'get-value': [ '2.0.6' ],
45 silly audit   glob: [ '7.2.3' ],
45 silly audit   'glob-parent': [ '3.1.0' ],
45 silly audit   'is-glob': [ '3.1.0', '4.0.3' ],
45 silly audit   'glob-stream': [ '6.1.0' ],
45 silly audit   'glob-watcher': [ '5.0.5' ],
45 silly audit   'global-modules': [ '1.0.0' ],
45 silly audit   'global-prefix': [ '1.0.2' ],
45 silly audit   glogg: [ '1.0.2' ],
45 silly audit   'graceful-fs': [ '4.2.10' ],
45 silly audit   gulp: [ '4.0.2' ],
45 silly audit   'gulp-cli': [ '2.3.0' ],
45 silly audit   gulplog: [ '1.0.0' ],
45 silly audit   has: [ '1.0.3' ],
45 silly audit   'has-property-descriptors': [ '1.0.0' ],
45 silly audit   'has-symbols': [ '1.0.3' ],
45 silly audit   'has-value': [ '1.0.0', '0.3.1' ],
45 silly audit   'has-values': [ '1.0.0', '0.1.4' ],
45 silly audit   'homedir-polyfill': [ '1.0.3' ],
45 silly audit   'hosted-git-info': [ '2.8.9' ],
45 silly audit   inflight: [ '1.0.6' ],
45 silly audit   inherits: [ '2.0.4' ],
45 silly audit   ini: [ '1.3.8' ],
45 silly audit   interpret: [ '1.4.0' ],
45 silly audit   'invert-kv': [ '1.0.0' ],
45 silly audit   'is-absolute': [ '1.0.0' ],
45 silly audit   'is-arrayish': [ '0.2.1' ],
45 silly audit   'is-binary-path': [ '1.0.1' ],
45 silly audit   'is-buffer': [ '1.1.6' ],
45 silly audit   'is-core-module': [ '2.11.0' ],
45 silly audit   'is-extendable': [ '0.1.1', '1.0.1' ],
45 silly audit   'is-extglob': [ '2.1.1' ],
45 silly audit   'is-fullwidth-code-point': [ '1.0.0' ],
45 silly audit   'is-negated-glob': [ '1.0.0' ],
45 silly audit   'is-relative': [ '1.0.0' ],
45 silly audit   'is-unc-path': [ '1.0.0' ],
45 silly audit   'is-utf8': [ '0.2.1' ],
45 silly audit   'is-valid-glob': [ '1.0.0' ],
45 silly audit   'is-windows': [ '1.0.2' ],
45 silly audit   isarray: [ '1.0.0' ],
45 silly audit   isexe: [ '2.0.0' ],
45 silly audit   isobject: [ '3.0.1', '2.1.0' ],
45 silly audit   'json-stable-stringify-without-jsonify': [ '1.0.1' ],
45 silly audit   'just-debounce': [ '1.1.0' ],
45 silly audit   'last-run': [ '1.1.1' ],
45 silly audit   lazystream: [ '1.0.1' ],
45 silly audit   lcid: [ '1.0.0' ],
45 silly audit   lead: [ '1.0.0' ],
45 silly audit   liftoff: [ '3.1.0' ],
45 silly audit   'load-json-file': [ '1.1.0' ],
45 silly audit   'make-iterator': [ '1.0.1' ],
45 silly audit   'map-cache': [ '0.2.2' ],
45 silly audit   'map-visit': [ '1.0.0' ],
45 silly audit   matchdep: [ '2.0.0' ],
45 silly audit   micromatch: [ '3.1.10' ],
45 silly audit   minimatch: [ '3.1.2' ],
45 silly audit   'mixin-deep': [ '1.3.2' ],
45 silly audit   ms: [ '2.0.0' ],
45 silly audit   'mute-stdout': [ '1.0.1' ],
45 silly audit   nan: [ '2.17.0' ],
45 silly audit   nanomatch: [ '1.2.13' ],
45 silly audit   'next-tick': [ '1.1.0' ],
45 silly audit   'normalize-package-data': [ '2.5.0' ],
45 silly audit   'now-and-later': [ '2.0.1' ],
45 silly audit   'number-is-nan': [ '1.0.1' ],
45 silly audit   'object-copy': [ '0.1.0' ],
45 silly audit   'object-keys': [ '1.1.1' ],
45 silly audit   'object-visit': [ '1.0.1' ],
45 silly audit   'object.assign': [ '4.1.4' ],
45 silly audit   'object.defaults': [ '1.1.0' ],
45 silly audit   'object.map': [ '1.0.1' ],
45 silly audit   'object.pick': [ '1.3.0' ],
45 silly audit   'object.reduce': [ '1.0.1' ],
45 silly audit   once: [ '1.4.0' ],
45 silly audit   'ordered-read-streams': [ '1.0.1' ],
45 silly audit   'os-locale': [ '1.4.0' ],
45 silly audit   'parse-filepath': [ '1.0.2' ],
45 silly audit   'parse-json': [ '2.2.0' ],
45 silly audit   'parse-node-version': [ '1.0.1' ],
45 silly audit   'parse-passwd': [ '1.0.0' ],
45 silly audit   pascalcase: [ '0.1.1' ],
45 silly audit   'path-dirname': [ '1.0.2' ],
45 silly audit   'path-exists': [ '2.1.0' ],
45 silly audit   'path-is-absolute': [ '1.0.1' ],
45 silly audit   'path-parse': [ '1.0.7' ],
45 silly audit   'path-root': [ '0.1.1' ],
45 silly audit   'path-root-regex': [ '0.1.2' ],
45 silly audit   'path-type': [ '1.1.0' ],
45 silly audit   pify: [ '2.3.0' ],
45 silly audit   pinkie: [ '2.0.4' ],
45 silly audit   'pinkie-promise': [ '2.0.1' ],
45 silly audit   'posix-character-classes': [ '0.1.1' ],
45 silly audit   'pretty-hrtime': [ '1.0.3' ],
45 silly audit   'process-nextick-args': [ '2.0.1' ],
45 silly audit   pump: [ '2.0.1' ],
45 silly audit   pumpify: [ '1.5.1' ],
45 silly audit   'read-pkg': [ '1.1.0' ],
45 silly audit   'read-pkg-up': [ '1.0.1' ],
45 silly audit   'readable-stream': [ '2.3.8' ],
45 silly audit   readdirp: [ '2.2.1' ],
45 silly audit   rechoir: [ '0.6.2' ],
45 silly audit   'regex-not': [ '1.0.2' ],
45 silly audit   'remove-bom-buffer': [ '3.0.0' ],
45 silly audit   'remove-bom-stream': [ '1.2.0' ],
45 silly audit   'remove-trailing-separator': [ '1.1.0' ],
45 silly audit   'repeat-element': [ '1.1.4' ],
45 silly audit   'repeat-string': [ '1.6.1' ],
45 silly audit   'replace-ext': [ '1.0.1' ],
45 silly audit   'replace-homedir': [ '1.0.0' ],
45 silly audit   'require-directory': [ '2.1.1' ],
45 silly audit   'require-main-filename': [ '1.0.1' ],
45 silly audit   resolve: [ '1.22.1' ],
45 silly audit   'resolve-dir': [ '1.0.1' ],
45 silly audit   'resolve-options': [ '1.1.0' ],
45 silly audit   'resolve-url': [ '0.2.1' ],
45 silly audit   ret: [ '0.1.15' ],
45 silly audit   'safe-buffer': [ '5.1.2' ],
45 silly audit   'safe-regex': [ '1.1.0' ],
45 silly audit   semver: [ '5.7.1' ],
45 silly audit   'semver-greatest-satisfied-range': [ '1.1.0' ],
45 silly audit   'set-blocking': [ '2.0.0' ],
45 silly audit   'set-value': [ '2.0.1' ],
45 silly audit   snapdragon: [ '0.8.2' ],
45 silly audit   'snapdragon-node': [ '2.1.1' ],
45 silly audit   'snapdragon-util': [ '3.0.1' ],
45 silly audit   'source-map': [ '0.5.7' ],
45 silly audit   'source-map-resolve': [ '0.5.3' ],
45 silly audit   'source-map-url': [ '0.4.1' ],
45 silly audit   sparkles: [ '1.0.1' ],
45 silly audit   'spdx-correct': [ '3.1.1' ],
45 silly audit   'spdx-exceptions': [ '2.3.0' ],
45 silly audit   'spdx-expression-parse': [ '3.0.1' ],
45 silly audit   'spdx-license-ids': [ '3.0.12' ],
45 silly audit   'split-string': [ '3.1.0' ],
45 silly audit   'stack-trace': [ '0.0.10' ],
45 silly audit   'static-extend': [ '0.1.2' ],
45 silly audit   'stream-exhaust': [ '1.0.2' ],
45 silly audit   'stream-shift': [ '1.0.1' ],
45 silly audit   string_decoder: [ '1.1.1' ],
45 silly audit   'string-width': [ '1.0.2' ],
45 silly audit   'strip-ansi': [ '3.0.1' ],
45 silly audit   'strip-bom': [ '2.0.0' ],
45 silly audit   'supports-preserve-symlinks-flag': [ '1.0.0' ],
45 silly audit   'sver-compat': [ '1.5.0' ],
45 silly audit   through2: [ '2.0.5' ],
45 silly audit   'through2-filter': [ '3.0.0' ],
45 silly audit   'time-stamp': [ '1.1.0' ],
45 silly audit   'to-absolute-glob': [ '2.0.2' ],
45 silly audit   'to-object-path': [ '0.3.0' ],
45 silly audit   'to-regex': [ '3.0.2' ],
45 silly audit   'to-regex-range': [ '2.1.1' ],
45 silly audit   'to-through': [ '2.0.0' ],
45 silly audit   typedarray: [ '0.0.6' ],
45 silly audit   'unc-path-regex': [ '0.1.2' ],
45 silly audit   undertaker: [ '1.3.0' ],
45 silly audit   'undertaker-registry': [ '1.0.1' ],
45 silly audit   'union-value': [ '1.0.1' ],
45 silly audit   'unique-stream': [ '2.3.1' ],
45 silly audit   'unset-value': [ '1.0.0' ],
45 silly audit   upath: [ '1.2.0' ],
45 silly audit   urix: [ '0.1.0' ],
45 silly audit   use: [ '3.1.1' ],
45 silly audit   'util-deprecate': [ '1.0.2' ],
45 silly audit   v8flags: [ '3.2.0' ],
45 silly audit   'validate-npm-package-license': [ '3.0.4' ],
45 silly audit   'value-or-function': [ '3.0.0' ],
45 silly audit   vinyl: [ '2.2.1' ],
45 silly audit   'vinyl-fs': [ '3.0.3' ],
45 silly audit   'vinyl-sourcemap': [ '1.1.0' ],
45 silly audit   which: [ '1.3.1' ],
45 silly audit   'which-module': [ '1.0.0' ],
45 silly audit   'wrap-ansi': [ '2.1.0' ],
45 silly audit   wrappy: [ '1.0.2' ],
45 silly audit   xtend: [ '4.0.2' ],
45 silly audit   y18n: [ '3.2.2' ],
45 silly audit   yargs: [ '7.1.2' ],
45 silly audit   'yargs-parser': [ '5.0.1' ]
45 silly audit }
46 verbose reify failed optional dependency /klangrausch/node_modules/fsevents
47 silly reify mark deleted [ '/klangrausch/node_modules/fsevents' ]
48 verbose reify failed optional dependency /klangrausch/node_modules/bindings
49 silly reify mark deleted [ '/klangrausch/node_modules/bindings' ]
50 verbose reify failed optional dependency /klangrausch/node_modules/nan
51 silly reify mark deleted [ '/klangrausch/node_modules/nan' ]
52 verbose reify failed optional dependency /klangrausch/node_modules/file-uri-to-path
53 silly reify mark deleted [ '/klangrausch/node_modules/file-uri-to-path' ]
54 timing reifyNode:node_modules/fsevents Completed in 377ms
55 http fetch POST 200 https://registry.npmjs.org/-/npm/v1/security/advisories/bulk 2246ms
56 timing auditReport:getReport Completed in 2270ms
57 silly audit report {
57 silly audit report   'glob-parent': [
57 silly audit report     {
57 silly audit report       id: 1089029,
57 silly audit report       url: 'https://github.com/advisories/GHSA-ww39-953v-wcq6',
57 silly audit report       title: 'glob-parent before 5.1.2 vulnerable to Regular Expression Denial of Service in enclosure regex',
57 silly audit report       severity: 'high',
57 silly audit report       vulnerable_versions: '<5.1.2',
57 silly audit report       cwe: [Array],
57 silly audit report       cvss: [Object]
57 silly audit report     }
57 silly audit report   ]
57 silly audit report }
58 timing reifyNode:node_modules/static-extend Completed in 2520ms
59 timing reifyNode:node_modules/spdx-exceptions Completed in 2519ms
60 timing reifyNode:node_modules/object-copy Completed in 2507ms
61 timing reifyNode:node_modules/invert-kv Completed in 2504ms
62 timing reifyNode:node_modules/get-value Completed in 2508ms
63 timing reifyNode:node_modules/copy-descriptor Completed in 2512ms
64 timing reifyNode:node_modules/matchdep/node_modules/findup-sync Completed in 2543ms
65 timing reifyNode:node_modules/wrappy Completed in 2590ms
66 timing reifyNode:node_modules/wrap-ansi Completed in 2590ms
67 timing reifyNode:node_modules/validate-npm-package-license Completed in 2589ms
68 timing reifyNode:node_modules/use Completed in 2590ms
69 timing reifyNode:node_modules/value-or-function Completed in 2593ms
70 timing reifyNode:node_modules/unset-value Completed in 2593ms
71 timing reifyNode:node_modules/union-value Completed in 2591ms
72 timing reifyNode:node_modules/undertaker-registry Completed in 2592ms
73 timing reifyNode:node_modules/unique-stream Completed in 2594ms
74 timing reifyNode:node_modules/to-through Completed in 2595ms
75 timing reifyNode:node_modules/unc-path-regex Completed in 2596ms
76 timing reifyNode:node_modules/to-regex Completed in 2597ms
77 timing reifyNode:node_modules/to-object-path Completed in 2597ms
78 timing reifyNode:node_modules/to-regex-range Completed in 2598ms
79 timing reifyNode:node_modules/time-stamp Completed in 2597ms
80 timing reifyNode:node_modules/through2-filter Completed in 2598ms
81 timing reifyNode:node_modules/to-absolute-glob Completed in 2600ms
82 timing reifyNode:node_modules/through2 Completed in 2600ms
83 timing reifyNode:node_modules/string-width Completed in 2601ms
84 timing reifyNode:node_modules/strip-bom Completed in 2603ms
85 timing reifyNode:node_modules/strip-ansi Completed in 2603ms
86 timing reifyNode:node_modules/spdx-license-ids Completed in 2600ms
87 timing reifyNode:node_modules/sparkles Completed in 2601ms
88 timing reifyNode:node_modules/set-value Completed in 2595ms
89 timing reifyNode:node_modules/semver-greatest-satisfied-range Completed in 2596ms
90 timing reifyNode:node_modules/resolve-options Completed in 2596ms
91 timing reifyNode:node_modules/resolve-dir Completed in 2597ms
92 timing reifyNode:node_modules/replace-homedir Completed in 2596ms
93 timing reifyNode:node_modules/replace-ext Completed in 2597ms
94 timing reifyNode:node_modules/repeat-string Completed in 2597ms
95 timing reifyNode:node_modules/remove-bom-stream Completed in 2597ms
96 timing reifyNode:node_modules/repeat-element Completed in 2597ms
97 timing reifyNode:node_modules/remove-bom-buffer Completed in 2598ms
98 timing reifyNode:node_modules/regex-not Completed in 2599ms
99 timing reifyNode:node_modules/read-pkg Completed in 2598ms
100 timing reifyNode:node_modules/read-pkg-up Completed in 2600ms
101 timing reifyNode:node_modules/process-nextick-args Completed in 2600ms
102 timing reifyNode:node_modules/pinkie-promise Completed in 2600ms
103 timing reifyNode:node_modules/pify Completed in 2600ms
104 timing reifyNode:node_modules/pinkie Completed in 2601ms
105 timing reifyNode:node_modules/posix-character-classes Completed in 2602ms
106 timing reifyNode:node_modules/path-root-regex Completed in 2600ms
107 timing reifyNode:node_modules/path-root Completed in 2601ms
108 timing reifyNode:node_modules/path-is-absolute Completed in 2601ms
109 timing reifyNode:node_modules/path-type Completed in 2603ms
110 timing reifyNode:node_modules/path-dirname Completed in 2602ms
111 timing reifyNode:node_modules/path-parse Completed in 2602ms
112 timing reifyNode:node_modules/parse-passwd Completed in 2602ms
113 timing reifyNode:node_modules/pascalcase Completed in 2604ms
114 timing reifyNode:node_modules/path-exists Completed in 2604ms
115 timing reifyNode:node_modules/stream-exhaust Completed in 2623ms
116 timing reifyNode:node_modules/parse-filepath Completed in 2603ms
117 timing reifyNode:node_modules/parse-node-version Completed in 2604ms
118 timing reifyNode:node_modules/ordered-read-streams Completed in 2603ms
119 timing reifyNode:node_modules/once Completed in 2603ms
120 timing reifyNode:node_modules/object.reduce Completed in 2602ms
121 timing reifyNode:node_modules/os-locale Completed in 2603ms
122 timing reifyNode:node_modules/object.pick Completed in 2602ms
123 timing reifyNode:node_modules/object-visit Completed in 2602ms
124 timing reifyNode:node_modules/number-is-nan Completed in 2597ms
125 timing reifyNode:node_modules/normalize-path Completed in 2598ms
126 timing reifyNode:node_modules/mute-stdout Completed in 2597ms
127 timing reifyNode:node_modules/ms Completed in 2597ms
128 timing reifyNode:node_modules/map-visit Completed in 2596ms
129 timing reifyNode:node_modules/mixin-deep Completed in 2599ms
130 timing reifyNode:node_modules/map-cache Completed in 2597ms
131 timing reifyNode:node_modules/load-json-file Completed in 2596ms
132 timing reifyNode:node_modules/make-iterator Completed in 2598ms
133 timing reifyNode:node_modules/lead Completed in 2597ms
134 timing reifyNode:node_modules/last-run Completed in 2598ms
135 timing reifyNode:node_modules/is-valid-glob Completed in 2598ms
136 timing reifyNode:node_modules/is-utf8 Completed in 2599ms
137 timing reifyNode:node_modules/is-unc-path Completed in 2600ms
138 timing reifyNode:node_modules/is-windows Completed in 2600ms
139 timing reifyNode:node_modules/is-relative Completed in 2600ms
140 timing reifyNode:node_modules/is-number Completed in 2601ms
141 timing reifyNode:node_modules/is-fullwidth-code-point Completed in 2600ms
142 timing reifyNode:node_modules/is-negated-glob Completed in 2601ms
143 timing reifyNode:node_modules/is-extglob Completed in 2601ms
144 timing reifyNode:node_modules/is-descriptor Completed in 2601ms
145 timing reifyNode:node_modules/is-extendable Completed in 2602ms
146 timing reifyNode:node_modules/is-data-descriptor Completed in 2601ms
147 timing reifyNode:node_modules/is-binary-path Completed in 2602ms
148 timing reifyNode:node_modules/is-absolute Completed in 2602ms
149 timing reifyNode:node_modules/ini Completed in 2601ms
150 timing reifyNode:node_modules/is-accessor-descriptor Completed in 2602ms
151 timing reifyNode:node_modules/inflight Completed in 2602ms
152 timing reifyNode:node_modules/has-value Completed in 2603ms
153 timing reifyNode:node_modules/has-values Completed in 2604ms
154 timing reifyNode:node_modules/object.map Completed in 2622ms
155 timing reifyNode:node_modules/glogg Completed in 2605ms
156 timing reifyNode:node_modules/global-prefix Completed in 2605ms
157 timing reifyNode:node_modules/global-modules Completed in 2605ms
158 timing reifyNode:node_modules/glob-watcher Completed in 2606ms
159 timing reifyNode:node_modules/glob-parent Completed in 2606ms
160 timing reifyNode:node_modules/get-caller-file Completed in 2606ms
161 timing reifyNode:node_modules/fragment-cache Completed in 2607ms
162 timing reifyNode:node_modules/for-in Completed in 2607ms
163 timing reifyNode:node_modules/for-own Completed in 2608ms
164 timing reifyNode:node_modules/fined Completed in 2609ms
165 timing reifyNode:node_modules/find-up Completed in 2609ms
166 timing reifyNode:node_modules/findup-sync Completed in 2610ms
167 timing reifyNode:node_modules/fast-levenshtein Completed in 2610ms
168 timing reifyNode:node_modules/fancy-log Completed in 2611ms
169 timing reifyNode:node_modules/extend-shallow Completed in 2611ms
170 timing reifyNode:node_modules/expand-tilde Completed in 2614ms
171 timing reifyNode:node_modules/end-of-stream Completed in 2612ms
172 timing reifyNode:node_modules/error-ex Completed in 2613ms
173 timing reifyNode:node_modules/each-props Completed in 2613ms
174 timing reifyNode:node_modules/detect-file Completed in 2613ms
175 timing reifyNode:node_modules/decode-uri-component Completed in 2613ms
176 timing reifyNode:node_modules/default-compare Completed in 2614ms
177 timing reifyNode:node_modules/decamelize Completed in 2614ms
178 timing reifyNode:node_modules/convert-source-map Completed in 2616ms
179 timing reifyNode:node_modules/concat-stream Completed in 2616ms
180 timing reifyNode:node_modules/code-point-at Completed in 2643ms
181 timing reifyNode:node_modules/collection-visit Completed in 2650ms
182 timing reifyNode:node_modules/camelcase Completed in 2642ms
183 timing reifyNode:node_modules/clone-buffer Completed in 2644ms
184 timing reifyNode:node_modules/brace-expansion Completed in 2645ms
185 timing reifyNode:node_modules/bindings Completed in 2646ms
186 timing reifyNode:node_modules/binary-extensions Completed in 2647ms
187 timing reifyNode:node_modules/buffer-from Completed in 2648ms
188 timing reifyNode:node_modules/async-settle Completed in 2649ms
189 timing reifyNode:node_modules/async-each Completed in 2649ms
190 timing reifyNode:node_modules/assign-symbols Completed in 2649ms
191 timing reifyNode:node_modules/array-unique Completed in 2650ms
192 timing reifyNode:node_modules/array-slice Completed in 2650ms
193 timing reifyNode:node_modules/array-last Completed in 2651ms
194 timing reifyNode:node_modules/array-sort Completed in 2651ms
195 timing reifyNode:node_modules/array-each Completed in 2651ms
196 timing reifyNode:node_modules/arr-union Completed in 2651ms
197 timing reifyNode:node_modules/arr-map Completed in 2651ms
198 timing reifyNode:node_modules/arr-filter Completed in 2651ms
199 timing reifyNode:node_modules/arr-diff Completed in 2651ms
200 timing reifyNode:node_modules/arr-flatten Completed in 2652ms
201 timing reifyNode:node_modules/append-buffer Completed in 2652ms
202 timing reifyNode:node_modules/ansi-wrap Completed in 2651ms
203 timing reifyNode:node_modules/anymatch Completed in 2653ms
204 timing reifyNode:node_modules/ansi-regex Completed in 2652ms
205 timing reifyNode:node_modules/ansi-gray Completed in 2652ms
206 timing reifyNode:node_modules/vinyl-sourcemap/node_modules/normalize-path Completed in 2727ms
207 timing reifyNode:node_modules/unset-value/node_modules/has-values Completed in 2724ms
208 timing reifyNode:node_modules/unset-value/node_modules/has-value Completed in 2724ms
209 timing reifyNode:node_modules/unset-value/node_modules/has-value/node_modules/isobject Completed in 2725ms
210 timing reifyNode:node_modules/to-object-path/node_modules/kind-of Completed in 2722ms
211 timing reifyNode:node_modules/to-regex/node_modules/extend-shallow Completed in 2722ms
212 timing reifyNode:node_modules/static-extend/node_modules/is-data-descriptor Completed in 2719ms
213 timing reifyNode:node_modules/static-extend/node_modules/is-descriptor Completed in 2720ms
214 timing reifyNode:node_modules/static-extend/node_modules/is-data-descriptor/node_modules/kind-of Completed in 2720ms
215 timing reifyNode:node_modules/static-extend/node_modules/is-accessor-descriptor/node_modules/kind-of Completed in 2719ms
216 timing reifyNode:node_modules/static-extend/node_modules/is-accessor-descriptor Completed in 2720ms
217 timing reifyNode:node_modules/static-extend/node_modules/define-property Completed in 2720ms
218 timing reifyNode:node_modules/split-string/node_modules/extend-shallow Completed in 2719ms
219 timing reifyNode:node_modules/snapdragon-util/node_modules/kind-of Completed in 2718ms
220 timing reifyNode:node_modules/snapdragon/node_modules/is-data-descriptor Completed in 2718ms
221 timing reifyNode:node_modules/snapdragon-node/node_modules/define-property Completed in 2719ms
222 timing reifyNode:node_modules/collection-map Completed in 2664ms
223 timing reifyNode:node_modules/snapdragon/node_modules/is-descriptor Completed in 2720ms
224 timing reifyNode:node_modules/snapdragon/node_modules/is-data-descriptor/node_modules/kind-of Completed in 2719ms
225 timing reifyNode:node_modules/snapdragon/node_modules/is-accessor-descriptor Completed in 2716ms
226 timing reifyNode:node_modules/snapdragon/node_modules/is-accessor-descriptor/node_modules/kind-of Completed in 2715ms
227 timing reifyNode:node_modules/snapdragon/node_modules/define-property Completed in 2715ms
228 timing reifyNode:node_modules/regex-not/node_modules/extend-shallow Completed in 2711ms
229 timing reifyNode:node_modules/object-copy/node_modules/is-descriptor Completed in 2700ms
230 timing reifyNode:node_modules/object-copy/node_modules/kind-of Completed in 2701ms
231 timing reifyNode:node_modules/object-copy/node_modules/is-accessor-descriptor Completed in 2699ms
232 timing reifyNode:node_modules/object-copy/node_modules/is-data-descriptor Completed in 2700ms
233 timing reifyNode:node_modules/object-copy/node_modules/define-property Completed in 2700ms
234 timing reifyNode:node_modules/nanomatch/node_modules/extend-shallow Completed in 2697ms
235 timing reifyNode:node_modules/micromatch/node_modules/extend-shallow Completed in 2696ms
236 timing reifyNode:node_modules/matchdep/node_modules/is-glob Completed in 2696ms
237 timing reifyNode:node_modules/is-number/node_modules/kind-of Completed in 2692ms
238 timing reifyNode:node_modules/glob-parent/node_modules/is-glob Completed in 2688ms
239 timing reifyNode:node_modules/has-values/node_modules/kind-of Completed in 2690ms
240 timing reifyNode:node_modules/extglob/node_modules/define-property Completed in 2686ms
241 timing reifyNode:node_modules/expand-brackets/node_modules/is-descriptor Completed in 2685ms
242 timing reifyNode:node_modules/expand-brackets/node_modules/is-accessor-descriptor Completed in 2686ms
243 timing reifyNode:node_modules/expand-brackets/node_modules/define-property Completed in 2686ms
244 timing reifyNode:node_modules/expand-brackets/node_modules/is-data-descriptor/node_modules/kind-of Completed in 2687ms
245 timing reifyNode:node_modules/expand-brackets/node_modules/is-accessor-descriptor/node_modules/kind-of Completed in 2687ms
246 timing reifyNode:node_modules/class-utils/node_modules/is-descriptor Completed in 2675ms
247 timing reifyNode:node_modules/class-utils/node_modules/is-data-descriptor/node_modules/kind-of Completed in 2675ms
248 timing reifyNode:node_modules/class-utils/node_modules/is-data-descriptor Completed in 2675ms
249 timing reifyNode:node_modules/class-utils/node_modules/is-accessor-descriptor Completed in 2675ms
250 timing reifyNode:node_modules/class-utils/node_modules/define-property Completed in 2675ms
251 timing reifyNode:node_modules/class-utils/node_modules/is-accessor-descriptor/node_modules/kind-of Completed in 2676ms
252 timing reifyNode:node_modules/expand-brackets/node_modules/is-data-descriptor Completed in 2689ms
253 timing reifyNode:node_modules/array-initial/node_modules/is-number Completed in 2674ms
254 timing reifyNode:node_modules/base/node_modules/define-property Completed in 2676ms
255 timing reifyNode:node_modules/array-last/node_modules/is-number Completed in 2675ms
256 timing reifyNode:node_modules/anymatch/node_modules/normalize-path Completed in 2674ms
257 timing reifyNode:node_modules/y18n Completed in 2749ms
258 timing reifyNode:node_modules/which-module Completed in 2749ms
259 timing reifyNode:node_modules/v8flags Completed in 2748ms
260 warn deprecated source-map-url@0.4.1: See https://github.com/lydell/source-map-url#deprecated
261 timing reifyNode:node_modules/source-map-url Completed in 2744ms
262 timing reifyNode:node_modules/set-blocking Completed in 2737ms
263 timing reifyNode:node_modules/remove-trailing-separator Completed in 2736ms
264 timing reifyNode:node_modules/split-string Completed in 2750ms
265 timing reifyNode:node_modules/lcid Completed in 2718ms
266 timing reifyNode:node_modules/kind-of Completed in 2718ms
267 timing reifyNode:node_modules/isobject Completed in 2719ms
268 timing reifyNode:node_modules/is-glob Completed in 2718ms
269 timing reifyNode:node_modules/homedir-polyfill Completed in 2716ms
270 timing reifyNode:node_modules/inherits Completed in 2716ms
271 timing reifyNode:node_modules/gulplog Completed in 2717ms
272 timing reifyNode:node_modules/glob-stream Completed in 2717ms
273 timing reifyNode:node_modules/fs-mkdirp-stream Completed in 2717ms
274 timing reifyNode:node_modules/fill-range Completed in 2717ms
275 timing reifyNode:node_modules/define-property Completed in 2716ms
276 timing reifyNode:node_modules/default-resolution Completed in 2717ms
277 timing reifyNode:node_modules/core-util-is Completed in 2716ms
278 timing reifyNode:node_modules/copy-props Completed in 2717ms
279 timing reifyNode:node_modules/component-emitter Completed in 2717ms
280 timing reifyNode:node_modules/clone-stats Completed in 2713ms
281 timing reifyNode:node_modules/cliui Completed in 2713ms
282 timing reifyNode:node_modules/class-utils Completed in 2713ms
283 timing reifyNode:node_modules/cache-base Completed in 2713ms
284 timing reifyNode:node_modules/base Completed in 2714ms
285 timing reifyNode:node_modules/to-regex/node_modules/is-extendable Completed in 2779ms
286 timing reifyNode:node_modules/to-regex/node_modules/is-plain-object Completed in 2779ms
287 timing reifyNode:node_modules/split-string/node_modules/is-plain-object Completed in 2775ms
288 timing reifyNode:node_modules/split-string/node_modules/is-extendable Completed in 2775ms
289 timing reifyNode:node_modules/set-value/node_modules/is-plain-object Completed in 2766ms
290 timing reifyNode:node_modules/regex-not/node_modules/is-plain-object Completed in 2764ms
291 timing reifyNode:node_modules/regex-not/node_modules/is-extendable Completed in 2764ms
292 timing reifyNode:node_modules/nanomatch/node_modules/is-plain-object Completed in 2748ms
293 timing reifyNode:node_modules/nanomatch/node_modules/is-extendable Completed in 2747ms
294 timing reifyNode:node_modules/mixin-deep/node_modules/is-plain-object Completed in 2747ms
295 timing reifyNode:node_modules/mixin-deep/node_modules/is-extendable Completed in 2747ms
296 timing reifyNode:node_modules/micromatch/node_modules/is-plain-object Completed in 2746ms
297 timing reifyNode:node_modules/micromatch/node_modules/is-extendable Completed in 2746ms
298 timing reifyNode:node_modules/liftoff/node_modules/is-plain-object Completed in 2745ms
299 timing reifyNode:node_modules/fined/node_modules/is-plain-object Completed in 2735ms
300 timing reifyNode:node_modules/each-props/node_modules/is-plain-object Completed in 2732ms
301 timing reifyNode:node_modules/object-copy/node_modules/is-descriptor/node_modules/kind-of Completed in 2754ms
302 timing reifyNode:node_modules/util-deprecate Completed in 2790ms
303 timing reifyNode:node_modules/stream-shift Completed in 2786ms
304 timing reifyNode:node_modules/spdx-correct Completed in 2784ms
305 timing reifyNode:node_modules/snapdragon-node Completed in 2784ms
306 timing reifyNode:node_modules/pumpify Completed in 2776ms
307 timing reifyNode:node_modules/pretty-hrtime Completed in 2776ms
308 timing reifyNode:node_modules/object.defaults Completed in 2770ms
309 timing reifyNode:node_modules/is-buffer Completed in 2757ms
310 timing reifyNode:node_modules/fs.realpath Completed in 2754ms
311 timing reifyNode:node_modules/color-support Completed in 2751ms
312 timing reifyNode:node_modules/balanced-match Completed in 2745ms
313 timing reifyNode:node_modules/async-done Completed in 2745ms
314 timing reifyNode:node_modules/nanomatch/node_modules/kind-of Completed in 2778ms
315 timing reifyNode:node_modules/micromatch/node_modules/kind-of Completed in 2776ms
316 timing reifyNode:node_modules/make-iterator/node_modules/kind-of Completed in 2775ms
317 timing reifyNode:node_modules/is-data-descriptor/node_modules/kind-of Completed in 2770ms
318 timing reifyNode:node_modules/is-descriptor/node_modules/kind-of Completed in 2771ms
319 timing reifyNode:node_modules/is-accessor-descriptor/node_modules/kind-of Completed in 2769ms
320 timing reifyNode:node_modules/xtend Completed in 2821ms
321 timing reifyNode:node_modules/which Completed in 2820ms
322 timing reifyNode:node_modules/vinyl-sourcemap Completed in 2820ms
323 warn deprecated urix@0.1.0: Please see https://github.com/lydell/urix#deprecated
324 timing reifyNode:node_modules/urix Completed in 2819ms
325 timing reifyNode:node_modules/sver-compat Completed in 2815ms
326 timing reifyNode:node_modules/string_decoder Completed in 2814ms
327 timing reifyNode:node_modules/stack-trace Completed in 2813ms
328 timing reifyNode:node_modules/safe-buffer Completed in 2802ms
329 timing reifyNode:node_modules/require-main-filename Completed in 2803ms
330 timing reifyNode:node_modules/readdirp Completed in 2802ms
331 timing reifyNode:node_modules/pump Completed in 2802ms
332 timing reifyNode:node_modules/minimatch Completed in 2788ms
333 timing reifyNode:node_modules/is-plain-object Completed in 2784ms
334 timing reifyNode:node_modules/interpret Completed in 2782ms
335 timing reifyNode:node_modules/has Completed in 2781ms
336 timing reifyNode:node_modules/flush-write-stream Completed in 2781ms
337 timing reifyNode:node_modules/duplexify Completed in 2780ms
338 timing reifyNode:node_modules/array-initial Completed in 2772ms
339 timing reifyNode:node_modules/vinyl Completed in 2845ms
340 timing reifyNode:node_modules/spdx-expression-parse Completed in 2835ms
341 timing reifyNode:node_modules/snapdragon-util Completed in 2835ms
342 timing reifyNode:node_modules/require-directory Completed in 2826ms
343 timing reifyNode:node_modules/now-and-later Completed in 2811ms
344 timing reifyNode:node_modules/matchdep Completed in 2809ms
345 timing reifyNode:node_modules/isarray Completed in 2807ms
346 timing reifyNode:node_modules/is-arrayish Completed in 2804ms
347 timing reifyNode:node_modules/graceful-fs Completed in 2803ms
348 timing reifyNode:node_modules/clone Completed in 2791ms
349 timing reifyNode:node_modules/ansi-colors Completed in 2789ms
350 timing reifyNode:node_modules/cloneable-readable Completed in 2796ms
351 timing reifyNode:node_modules/upath Completed in 2863ms
352 timing reifyNode:node_modules/safe-regex Completed in 2846ms
353 timing reifyNode:node_modules/ret Completed in 2847ms
354 timing reifyNode:node_modules/just-debounce Completed in 2827ms
355 timing reifyNode:node_modules/hosted-git-info Completed in 2823ms
356 timing reifyNode:node_modules/gulp Completed in 2823ms
357 timing reifyNode:node_modules/flagged-respawn Completed in 2823ms
358 timing reifyNode:node_modules/concat-map Completed in 2818ms
359 timing metavuln:cache:get:security-advisory:glob-parent:7O7P+ko9zrO0/aBwmiRECUOV4106cqwL5TsjOnNdlrMsxwBOGkvw82jwMi/v9uQnD71zzzj6cDCF4GG+PdXs8w== Completed in 643ms
360 warn deprecated resolve-url@0.2.1: https://github.com/lydell/resolve-url#deprecated
361 timing reifyNode:node_modules/resolve-url Completed in 2863ms
362 timing reifyNode:node_modules/parse-json Completed in 2856ms
363 timing reifyNode:node_modules/isexe Completed in 2844ms
364 timing reifyNode:node_modules/extend Completed in 2837ms
365 timing reifyNode:node_modules/yargs-parser Completed in 2906ms
366 timing reifyNode:node_modules/semver Completed in 2884ms
367 timing reifyNode:node_modules/rechoir Completed in 2882ms
368 timing reifyNode:node_modules/has-property-descriptors Completed in 2860ms
369 timing reifyNode:node_modules/glob Completed in 2860ms
370 timing reifyNode:node_modules/file-uri-to-path Completed in 2861ms
371 timing reifyNode:node_modules/expand-brackets Completed in 2863ms
372 timing reifyNode:node_modules/braces Completed in 2854ms
373 timing reifyNode:node_modules/supports-preserve-symlinks-flag Completed in 2921ms
374 warn deprecated source-map-resolve@0.5.3: See https://github.com/lydell/source-map-resolve#deprecated
375 timing reifyNode:node_modules/source-map-resolve Completed in 2918ms
376 timing reifyNode:node_modules/next-tick Completed in 2895ms
377 timing reifyNode:node_modules/is-core-module Completed in 2888ms
378 timing reifyNode:node_modules/define-properties Completed in 2882ms
379 timing reifyNode:node_modules/buffer-equal Completed in 2873ms
380 timing reifyNode:node_modules/bach Completed in 2873ms
381 timing reifyNode:node_modules/archy Completed in 2871ms
382 timing reifyNode:node_modules/typedarray Completed in 2946ms
383 timing reifyNode:node_modules/snapdragon Completed in 2946ms
384 timing reifyNode:node_modules/normalize-package-data Completed in 2921ms
385 timing reifyNode:node_modules/lazystream Completed in 2918ms
386 timing reifyNode:node_modules/atob Completed in 2893ms
387 timing reifyNode:node_modules/get-intrinsic Completed in 2916ms
388 timing reifyNode:node_modules/function-bind Completed in 2917ms
389 timing reifyNode:node_modules/extglob Completed in 2915ms
390 timing reifyNode:node_modules/d Completed in 2912ms
391 timing reifyNode:node_modules/object-keys Completed in 2942ms
392 timing reifyNode:node_modules/nanomatch Completed in 2937ms
393 timing reifyNode:node_modules/liftoff Completed in 2933ms
394 timing reifyNode:node_modules/call-bind Completed in 2910ms
395 timing reifyNode:node_modules/micromatch Completed in 2965ms
396 warn deprecated chokidar@2.1.8: Chokidar 2 does not receive security updates since 2019. Upgrade to chokidar 3 with 15x fewer dependencies
397 timing reifyNode:node_modules/chokidar Completed in 2945ms
398 http fetch GET 200 https://registry.npmjs.org/glob-parent 785ms (cache hit)
399 timing metavuln:packument:glob-parent Completed in 791ms
400 timing metavuln:load:security-advisory:glob-parent:1089029 Completed in 2ms
401 timing metavuln:calculate:security-advisory:glob-parent:1089029 Completed in 796ms
402 timing reifyNode:node_modules/json-stable-stringify-without-jsonify Completed in 2994ms
403 timing reifyNode:node_modules/has-symbols Completed in 2989ms
404 timing reifyNode:node_modules/es6-weak-map Completed in 2987ms
405 timing reifyNode:node_modules/undertaker Completed in 3043ms
406 timing reifyNode:node_modules/debug Completed in 2992ms
407 timing metavuln:cache:get:security-advisory:glob-stream:deVWNVMb3yCbcjqoxQHLICT/IEWvNGQcgf6eUzsCtt36Z8r9Kl9vt5bvANfcrffQGa0qYYkisstxiFUlZ1qwvA== Completed in 46ms
408 timing metavuln:cache:get:security-advisory:chokidar:qeNmqHVN2tr2Q9AD8texmVHRoVq2szTcnEGeXhgmOyClzbv6trJgL3/IBGqpSHiqLLtBCkvFwfNqrcrLevDNHA== Completed in 48ms
409 timing reifyNode:node_modules/es6-iterator Completed in 3039ms
410 timing reifyNode:node_modules/es6-symbol Completed in 3043ms
411 timing reifyNode:node_modules/readable-stream Completed in 3093ms
412 timing reifyNode:node_modules/vinyl-fs Completed in 3120ms
413 http fetch GET 200 https://registry.npmjs.org/glob-stream 87ms (cache hit)
414 timing metavuln:packument:glob-stream Completed in 89ms
415 timing metavuln:load:security-advisory:glob-stream:7O7P+ko9zrO0/aBwmiRECUOV4106cqwL5TsjOnNdlrMsxwBOGkvw82jwMi/v9uQnD71zzzj6cDCF4GG+PdXs8w== Completed in 1ms
416 timing metavuln:calculate:security-advisory:glob-stream:7O7P+ko9zrO0/aBwmiRECUOV4106cqwL5TsjOnNdlrMsxwBOGkvw82jwMi/v9uQnD71zzzj6cDCF4GG+PdXs8w== Completed in 91ms
417 http fetch GET 200 https://registry.npmjs.org/chokidar 93ms (cache hit)
418 timing metavuln:packument:chokidar Completed in 98ms
419 timing metavuln:load:security-advisory:chokidar:7O7P+ko9zrO0/aBwmiRECUOV4106cqwL5TsjOnNdlrMsxwBOGkvw82jwMi/v9uQnD71zzzj6cDCF4GG+PdXs8w== Completed in 3ms
420 timing metavuln:calculate:security-advisory:chokidar:7O7P+ko9zrO0/aBwmiRECUOV4106cqwL5TsjOnNdlrMsxwBOGkvw82jwMi/v9uQnD71zzzj6cDCF4GG+PdXs8w== Completed in 101ms
421 timing metavuln:cache:get:security-advisory:vinyl-fs:L4gQVW3aDKS8EaTHQsEpDbEVUyzWTupnhLYO2b0vQfNHgsHEJygkEVHfCuldKOuNrAd7hPW2No5WCrn0DdLFXQ== Completed in 23ms
422 timing reifyNode:node_modules/yargs Completed in 3196ms
423 http fetch GET 200 https://registry.npmjs.org/vinyl-fs 59ms (cache hit)
424 timing metavuln:packument:vinyl-fs Completed in 62ms
425 timing metavuln:load:security-advisory:vinyl-fs:deVWNVMb3yCbcjqoxQHLICT/IEWvNGQcgf6eUzsCtt36Z8r9Kl9vt5bvANfcrffQGa0qYYkisstxiFUlZ1qwvA== Completed in 1ms
426 timing metavuln:calculate:security-advisory:vinyl-fs:deVWNVMb3yCbcjqoxQHLICT/IEWvNGQcgf6eUzsCtt36Z8r9Kl9vt5bvANfcrffQGa0qYYkisstxiFUlZ1qwvA== Completed in 64ms
427 timing metavuln:cache:get:security-advisory:glob-watcher:8tA7MsUH7+cZgN0uIoeQnRseFASdXq0VrMojGMkSSWIGW3qZFmMz1m5V8IISizYTQEBiLDxGtfLj67vckX8j9g== Completed in 30ms
428 timing reifyNode:node_modules/ext Completed in 3180ms
429 timing reifyNode:node_modules/source-map Completed in 3230ms
430 http fetch GET 200 https://registry.npmjs.org/glob-watcher 58ms (cache hit)
431 timing metavuln:packument:glob-watcher Completed in 61ms
432 timing metavuln:load:security-advisory:glob-watcher:qeNmqHVN2tr2Q9AD8texmVHRoVq2szTcnEGeXhgmOyClzbv6trJgL3/IBGqpSHiqLLtBCkvFwfNqrcrLevDNHA== Completed in 0ms
433 timing metavuln:calculate:security-advisory:glob-watcher:qeNmqHVN2tr2Q9AD8texmVHRoVq2szTcnEGeXhgmOyClzbv6trJgL3/IBGqpSHiqLLtBCkvFwfNqrcrLevDNHA== Completed in 62ms
434 timing metavuln:cache:get:security-advisory:gulp:9PHOV9vFfRqANAHhea3DUDyedDmreBcxwJwNsyLsLWXLKq+VEbkt0YVoT+/JeRdJ2K1241t7OTkuCWAbRd6v7A== Completed in 21ms
435 timing reifyNode:node_modules/gulp-cli Completed in 3241ms
436 timing reifyNode:node_modules/nan Completed in 3260ms
437 http fetch GET 200 https://registry.npmjs.org/gulp 42ms (cache hit)
438 timing metavuln:packument:gulp Completed in 46ms
439 timing metavuln:load:security-advisory:gulp:L4gQVW3aDKS8EaTHQsEpDbEVUyzWTupnhLYO2b0vQfNHgsHEJygkEVHfCuldKOuNrAd7hPW2No5WCrn0DdLFXQ== Completed in 1ms
440 timing metavuln:calculate:security-advisory:gulp:L4gQVW3aDKS8EaTHQsEpDbEVUyzWTupnhLYO2b0vQfNHgsHEJygkEVHfCuldKOuNrAd7hPW2No5WCrn0DdLFXQ== Completed in 47ms
441 timing reifyNode:node_modules/object.assign Completed in 3280ms
442 timing metavuln:cache:get:security-advisory:gulp:Om+UP5an2yQ0juJrf9sHMEXLMynlB8xZ5jWS73QvtYeJC1qQCj8pF1Xf2gNlBYy3N1ksBpNSsZx84KrepJ+iUg== Completed in 18ms
443 timing metavuln:load:security-advisory:gulp:8tA7MsUH7+cZgN0uIoeQnRseFASdXq0VrMojGMkSSWIGW3qZFmMz1m5V8IISizYTQEBiLDxGtfLj67vckX8j9g== Completed in 1ms
444 timing metavuln:calculate:security-advisory:gulp:8tA7MsUH7+cZgN0uIoeQnRseFASdXq0VrMojGMkSSWIGW3qZFmMz1m5V8IISizYTQEBiLDxGtfLj67vckX8j9g== Completed in 19ms
445 timing auditReport:init Completed in 1133ms
446 timing reify:audit Completed in 3409ms
447 timing reifyNode:node_modules/type Completed in 3513ms
448 timing reifyNode:node_modules/resolve Completed in 3520ms
449 timing reifyNode:node_modules/ext/node_modules/type Completed in 3496ms
450 timing reifyNode:node_modules/es5-ext Completed in 3734ms
451 timing reify:unpack Completed in 3798ms
452 timing reify:unretire Completed in 1ms
453 timing build:queue Completed in 31ms
454 timing build:link:node_modules/gulp-cli Completed in 6ms
455 timing build:link:node_modules/atob Completed in 11ms
456 timing build:link:node_modules/gulp Completed in 8ms
457 timing build:link:node_modules/resolve Completed in 8ms
458 timing build:link:node_modules/semver Completed in 8ms
459 timing build:link:node_modules/color-support Completed in 9ms
460 timing build:link:node_modules/which Completed in 8ms
461 timing build:link Completed in 12ms
462 info run es5-ext@0.10.62 postinstall node_modules/es5-ext  node -e "try{require('./_postinstall')}catch(e){}" || exit 0
463 info run es5-ext@0.10.62 postinstall { code: 0, signal: null }
464 timing build:run:postinstall:node_modules/es5-ext Completed in 231ms
465 timing build:run:postinstall Completed in 232ms
466 timing build:deps Completed in 276ms
467 timing build Completed in 278ms
468 timing reify:build Completed in 280ms
469 timing reify:trash Completed in 13ms
470 timing reify:save Completed in 239ms
471 timing reify Completed in 5541ms
472 silly ADD node_modules/yargs-parser
473 silly ADD node_modules/yargs
474 silly ADD node_modules/y18n
475 silly ADD node_modules/xtend
476 silly ADD node_modules/wrappy
477 silly ADD node_modules/wrap-ansi
478 silly ADD node_modules/which-module
479 silly ADD node_modules/which
480 silly ADD node_modules/vinyl-sourcemap
481 silly ADD node_modules/vinyl-sourcemap/node_modules/normalize-path
482 silly ADD node_modules/vinyl-fs
483 silly ADD node_modules/vinyl
484 silly ADD node_modules/value-or-function
485 silly ADD node_modules/validate-npm-package-license
486 silly ADD node_modules/v8flags
487 silly ADD node_modules/util-deprecate
488 silly ADD node_modules/use
489 silly ADD node_modules/urix
490 silly ADD node_modules/upath
491 silly ADD node_modules/unset-value
492 silly ADD node_modules/unset-value/node_modules/has-values
493 silly ADD node_modules/unset-value/node_modules/has-value
494 silly ADD node_modules/unset-value/node_modules/has-value/node_modules/isobject
495 silly ADD node_modules/unique-stream
496 silly ADD node_modules/union-value
497 silly ADD node_modules/undertaker-registry
498 silly ADD node_modules/undertaker
499 silly ADD node_modules/unc-path-regex
500 silly ADD node_modules/typedarray
501 silly ADD node_modules/type
502 silly ADD node_modules/to-through
503 silly ADD node_modules/to-regex-range
504 silly ADD node_modules/to-regex
505 silly ADD node_modules/to-regex/node_modules/is-plain-object
506 silly ADD node_modules/to-regex/node_modules/is-extendable
507 silly ADD node_modules/to-regex/node_modules/extend-shallow
508 silly ADD node_modules/to-object-path
509 silly ADD node_modules/to-object-path/node_modules/kind-of
510 silly ADD node_modules/to-absolute-glob
511 silly ADD node_modules/time-stamp
512 silly ADD node_modules/through2-filter
513 silly ADD node_modules/through2
514 silly ADD node_modules/sver-compat
515 silly ADD node_modules/supports-preserve-symlinks-flag
516 silly ADD node_modules/strip-bom
517 silly ADD node_modules/strip-ansi
518 silly ADD node_modules/string-width
519 silly ADD node_modules/string_decoder
520 silly ADD node_modules/stream-shift
521 silly ADD node_modules/stream-exhaust
522 silly ADD node_modules/static-extend
523 silly ADD node_modules/static-extend/node_modules/is-descriptor
524 silly ADD node_modules/static-extend/node_modules/is-data-descriptor
525 silly ADD node_modules/static-extend/node_modules/is-data-descriptor/node_modules/kind-of
526 silly ADD node_modules/static-extend/node_modules/is-accessor-descriptor
527 silly ADD node_modules/static-extend/node_modules/is-accessor-descriptor/node_modules/kind-of
528 silly ADD node_modules/static-extend/node_modules/define-property
529 silly ADD node_modules/stack-trace
530 silly ADD node_modules/split-string
531 silly ADD node_modules/split-string/node_modules/is-plain-object
532 silly ADD node_modules/split-string/node_modules/is-extendable
533 silly ADD node_modules/split-string/node_modules/extend-shallow
534 silly ADD node_modules/spdx-license-ids
535 silly ADD node_modules/spdx-expression-parse
536 silly ADD node_modules/spdx-exceptions
537 silly ADD node_modules/spdx-correct
538 silly ADD node_modules/sparkles
539 silly ADD node_modules/source-map-url
540 silly ADD node_modules/source-map-resolve
541 silly ADD node_modules/source-map
542 silly ADD node_modules/snapdragon-util
543 silly ADD node_modules/snapdragon-util/node_modules/kind-of
544 silly ADD node_modules/snapdragon-node
545 silly ADD node_modules/snapdragon-node/node_modules/define-property
546 silly ADD node_modules/snapdragon
547 silly ADD node_modules/snapdragon/node_modules/is-descriptor
548 silly ADD node_modules/snapdragon/node_modules/is-data-descriptor
549 silly ADD node_modules/snapdragon/node_modules/is-data-descriptor/node_modules/kind-of
550 silly ADD node_modules/snapdragon/node_modules/is-accessor-descriptor
551 silly ADD node_modules/snapdragon/node_modules/is-accessor-descriptor/node_modules/kind-of
552 silly ADD node_modules/snapdragon/node_modules/define-property
553 silly ADD node_modules/set-value
554 silly ADD node_modules/set-value/node_modules/is-plain-object
555 silly ADD node_modules/set-blocking
556 silly ADD node_modules/semver-greatest-satisfied-range
557 silly ADD node_modules/semver
558 silly ADD node_modules/safe-regex
559 silly ADD node_modules/safe-buffer
560 silly ADD node_modules/ret
561 silly ADD node_modules/resolve-url
562 silly ADD node_modules/resolve-options
563 silly ADD node_modules/resolve-dir
564 silly ADD node_modules/resolve
565 silly ADD node_modules/require-main-filename
566 silly ADD node_modules/require-directory
567 silly ADD node_modules/replace-homedir
568 silly ADD node_modules/replace-ext
569 silly ADD node_modules/repeat-string
570 silly ADD node_modules/repeat-element
571 silly ADD node_modules/remove-trailing-separator
572 silly ADD node_modules/remove-bom-stream
573 silly ADD node_modules/remove-bom-buffer
574 silly ADD node_modules/regex-not
575 silly ADD node_modules/regex-not/node_modules/is-plain-object
576 silly ADD node_modules/regex-not/node_modules/is-extendable
577 silly ADD node_modules/regex-not/node_modules/extend-shallow
578 silly ADD node_modules/rechoir
579 silly ADD node_modules/readdirp
580 silly ADD node_modules/readable-stream
581 silly ADD node_modules/read-pkg-up
582 silly ADD node_modules/read-pkg
583 silly ADD node_modules/pumpify
584 silly ADD node_modules/pump
585 silly ADD node_modules/process-nextick-args
586 silly ADD node_modules/pretty-hrtime
587 silly ADD node_modules/posix-character-classes
588 silly ADD node_modules/pinkie-promise
589 silly ADD node_modules/pinkie
590 silly ADD node_modules/pify
591 silly ADD node_modules/path-type
592 silly ADD node_modules/path-root-regex
593 silly ADD node_modules/path-root
594 silly ADD node_modules/path-parse
595 silly ADD node_modules/path-is-absolute
596 silly ADD node_modules/path-exists
597 silly ADD node_modules/path-dirname
598 silly ADD node_modules/pascalcase
599 silly ADD node_modules/parse-passwd
600 silly ADD node_modules/parse-node-version
601 silly ADD node_modules/parse-json
602 silly ADD node_modules/parse-filepath
603 silly ADD node_modules/os-locale
604 silly ADD node_modules/ordered-read-streams
605 silly ADD node_modules/once
606 silly ADD node_modules/object.reduce
607 silly ADD node_modules/object.pick
608 silly ADD node_modules/object.map
609 silly ADD node_modules/object.defaults
610 silly ADD node_modules/object.assign
611 silly ADD node_modules/object-visit
612 silly ADD node_modules/object-keys
613 silly ADD node_modules/object-copy
614 silly ADD node_modules/object-copy/node_modules/kind-of
615 silly ADD node_modules/object-copy/node_modules/is-descriptor
616 silly ADD node_modules/object-copy/node_modules/is-descriptor/node_modules/kind-of
617 silly ADD node_modules/object-copy/node_modules/is-data-descriptor
618 silly ADD node_modules/object-copy/node_modules/is-accessor-descriptor
619 silly ADD node_modules/object-copy/node_modules/define-property
620 silly ADD node_modules/number-is-nan
621 silly ADD node_modules/now-and-later
622 silly ADD node_modules/normalize-path
623 silly ADD node_modules/normalize-package-data
624 silly ADD node_modules/next-tick
625 silly ADD node_modules/nanomatch
626 silly ADD node_modules/nanomatch/node_modules/kind-of
627 silly ADD node_modules/nanomatch/node_modules/is-plain-object
628 silly ADD node_modules/nanomatch/node_modules/is-extendable
629 silly ADD node_modules/nanomatch/node_modules/extend-shallow
630 silly ADD
631 silly ADD node_modules/mute-stdout
632 silly ADD node_modules/ms
633 silly ADD node_modules/mixin-deep
634 silly ADD node_modules/mixin-deep/node_modules/is-plain-object
635 silly ADD node_modules/mixin-deep/node_modules/is-extendable
636 silly ADD node_modules/minimatch
637 silly ADD node_modules/micromatch
638 silly ADD node_modules/micromatch/node_modules/kind-of
639 silly ADD node_modules/micromatch/node_modules/is-plain-object
640 silly ADD node_modules/micromatch/node_modules/is-extendable
641 silly ADD node_modules/micromatch/node_modules/extend-shallow
642 silly ADD node_modules/matchdep
643 silly ADD node_modules/matchdep/node_modules/is-glob
644 silly ADD node_modules/matchdep/node_modules/findup-sync
645 silly ADD node_modules/map-visit
646 silly ADD node_modules/map-cache
647 silly ADD node_modules/make-iterator
648 silly ADD node_modules/make-iterator/node_modules/kind-of
649 silly ADD node_modules/load-json-file
650 silly ADD node_modules/liftoff
651 silly ADD node_modules/liftoff/node_modules/is-plain-object
652 silly ADD node_modules/lead
653 silly ADD node_modules/lcid
654 silly ADD node_modules/lazystream
655 silly ADD node_modules/last-run
656 silly ADD node_modules/kind-of
657 silly ADD node_modules/just-debounce
658 silly ADD node_modules/json-stable-stringify-without-jsonify
659 silly ADD node_modules/isobject
660 silly ADD node_modules/isexe
661 silly ADD node_modules/isarray
662 silly ADD node_modules/is-windows
663 silly ADD node_modules/is-valid-glob
664 silly ADD node_modules/is-utf8
665 silly ADD node_modules/is-unc-path
666 silly ADD node_modules/is-relative
667 silly ADD node_modules/is-plain-object
668 silly ADD node_modules/is-number
669 silly ADD node_modules/is-number/node_modules/kind-of
670 silly ADD node_modules/is-negated-glob
671 silly ADD node_modules/is-glob
672 silly ADD node_modules/is-fullwidth-code-point
673 silly ADD node_modules/is-extglob
674 silly ADD node_modules/is-extendable
675 silly ADD node_modules/is-descriptor
676 silly ADD node_modules/is-descriptor/node_modules/kind-of
677 silly ADD node_modules/is-data-descriptor
678 silly ADD node_modules/is-data-descriptor/node_modules/kind-of
679 silly ADD node_modules/is-core-module
680 silly ADD node_modules/is-buffer
681 silly ADD node_modules/is-binary-path
682 silly ADD node_modules/is-arrayish
683 silly ADD node_modules/is-accessor-descriptor
684 silly ADD node_modules/is-accessor-descriptor/node_modules/kind-of
685 silly ADD node_modules/is-absolute
686 silly ADD node_modules/invert-kv
687 silly ADD node_modules/interpret
688 silly ADD node_modules/ini
689 silly ADD node_modules/inherits
690 silly ADD node_modules/inflight
691 silly ADD node_modules/hosted-git-info
692 silly ADD node_modules/homedir-polyfill
693 silly ADD node_modules/has-values
694 silly ADD node_modules/has-values/node_modules/kind-of
695 silly ADD node_modules/has-value
696 silly ADD node_modules/has-symbols
697 silly ADD node_modules/has-property-descriptors
698 silly ADD node_modules/has
699 silly ADD node_modules/gulplog
700 silly ADD node_modules/gulp-cli
701 silly ADD node_modules/gulp
702 silly ADD node_modules/graceful-fs
703 silly ADD node_modules/glogg
704 silly ADD node_modules/global-prefix
705 silly ADD node_modules/global-modules
706 silly ADD node_modules/glob-watcher
707 silly ADD node_modules/glob-stream
708 silly ADD node_modules/glob-parent
709 silly ADD node_modules/glob-parent/node_modules/is-glob
710 silly ADD node_modules/glob
711 silly ADD node_modules/get-value
712 silly ADD node_modules/get-intrinsic
713 silly ADD node_modules/get-caller-file
714 silly ADD node_modules/function-bind
715 silly ADD
716 silly ADD node_modules/fs.realpath
717 silly ADD node_modules/fs-mkdirp-stream
718 silly ADD node_modules/fragment-cache
719 silly ADD node_modules/for-own
720 silly ADD node_modules/for-in
721 silly ADD node_modules/flush-write-stream
722 silly ADD node_modules/flagged-respawn
723 silly ADD node_modules/fined
724 silly ADD node_modules/fined/node_modules/is-plain-object
725 silly ADD node_modules/findup-sync
726 silly ADD node_modules/find-up
727 silly ADD node_modules/fill-range
728 silly ADD
729 silly ADD node_modules/fast-levenshtein
730 silly ADD node_modules/fancy-log
731 silly ADD node_modules/extglob
732 silly ADD node_modules/extglob/node_modules/define-property
733 silly ADD node_modules/extend-shallow
734 silly ADD node_modules/extend
735 silly ADD node_modules/ext
736 silly ADD node_modules/ext/node_modules/type
737 silly ADD node_modules/expand-tilde
738 silly ADD node_modules/expand-brackets
739 silly ADD node_modules/expand-brackets/node_modules/is-descriptor
740 silly ADD node_modules/expand-brackets/node_modules/is-data-descriptor
741 silly ADD node_modules/expand-brackets/node_modules/is-data-descriptor/node_modules/kind-of
742 silly ADD node_modules/expand-brackets/node_modules/is-accessor-descriptor
743 silly ADD node_modules/expand-brackets/node_modules/is-accessor-descriptor/node_modules/kind-of
744 silly ADD node_modules/expand-brackets/node_modules/define-property
745 silly ADD node_modules/es6-weak-map
746 silly ADD node_modules/es6-symbol
747 silly ADD node_modules/es6-iterator
748 silly ADD node_modules/es5-ext
749 silly ADD node_modules/error-ex
750 silly ADD node_modules/end-of-stream
751 silly ADD node_modules/each-props
752 silly ADD node_modules/each-props/node_modules/is-plain-object
753 silly ADD node_modules/duplexify
754 silly ADD node_modules/detect-file
755 silly ADD node_modules/define-property
756 silly ADD node_modules/define-properties
757 silly ADD node_modules/default-resolution
758 silly ADD node_modules/default-compare
759 silly ADD node_modules/decode-uri-component
760 silly ADD node_modules/decamelize
761 silly ADD node_modules/debug
762 silly ADD node_modules/d
763 silly ADD node_modules/core-util-is
764 silly ADD node_modules/copy-props
765 silly ADD node_modules/copy-descriptor
766 silly ADD node_modules/convert-source-map
767 silly ADD node_modules/concat-stream
768 silly ADD node_modules/concat-map
769 silly ADD node_modules/component-emitter
770 silly ADD node_modules/color-support
771 silly ADD node_modules/collection-visit
772 silly ADD node_modules/collection-map
773 silly ADD node_modules/code-point-at
774 silly ADD node_modules/cloneable-readable
775 silly ADD node_modules/clone-stats
776 silly ADD node_modules/clone-buffer
777 silly ADD node_modules/clone
778 silly ADD node_modules/cliui
779 silly ADD node_modules/class-utils
780 silly ADD node_modules/class-utils/node_modules/is-descriptor
781 silly ADD node_modules/class-utils/node_modules/is-data-descriptor
782 silly ADD node_modules/class-utils/node_modules/is-data-descriptor/node_modules/kind-of
783 silly ADD node_modules/class-utils/node_modules/is-accessor-descriptor
784 silly ADD node_modules/class-utils/node_modules/is-accessor-descriptor/node_modules/kind-of
785 silly ADD node_modules/class-utils/node_modules/define-property
786 silly ADD node_modules/chokidar
787 silly ADD node_modules/camelcase
788 silly ADD node_modules/call-bind
789 silly ADD node_modules/cache-base
790 silly ADD node_modules/buffer-from
791 silly ADD node_modules/buffer-equal
792 silly ADD node_modules/braces
793 silly ADD node_modules/brace-expansion
794 silly ADD
795 silly ADD node_modules/binary-extensions
796 silly ADD node_modules/base
797 silly ADD node_modules/base/node_modules/define-property
798 silly ADD node_modules/balanced-match
799 silly ADD node_modules/bach
800 silly ADD node_modules/atob
801 silly ADD node_modules/async-settle
802 silly ADD node_modules/async-each
803 silly ADD node_modules/async-done
804 silly ADD node_modules/assign-symbols
805 silly ADD node_modules/array-unique
806 silly ADD node_modules/array-sort
807 silly ADD node_modules/array-slice
808 silly ADD node_modules/array-last
809 silly ADD node_modules/array-last/node_modules/is-number
810 silly ADD node_modules/array-initial
811 silly ADD node_modules/array-initial/node_modules/is-number
812 silly ADD node_modules/array-each
813 silly ADD node_modules/arr-union
814 silly ADD node_modules/arr-map
815 silly ADD node_modules/arr-flatten
816 silly ADD node_modules/arr-filter
817 silly ADD node_modules/arr-diff
818 silly ADD node_modules/archy
819 silly ADD node_modules/append-buffer
820 silly ADD node_modules/anymatch
821 silly ADD node_modules/anymatch/node_modules/normalize-path
822 silly ADD node_modules/ansi-wrap
823 silly ADD node_modules/ansi-regex
824 silly ADD node_modules/ansi-gray
825 silly ADD node_modules/ansi-colors
826 timing command:install Completed in 5620ms
827 verbose exit 0
828 timing npm Completed in 5751ms
829 info ok
